

================================================================
== Vitis HLS Report for 'matrixmul'
================================================================
* Date:           Thu Oct 13 00:48:18 2022

* Version:        2022.1 (Build 3526262 on Mon Apr 18 15:48:16 MDT 2022)
* Project:        hls_matrixmul_prj
* Solution:       solution2 (Vivado IP Flow Target)
* Product family: virtexuplus
* Target device:  xcvu9p-flgb2104-1-e


================================================================
== Performance Estimates
================================================================
+ Timing: 
    * Summary: 
    +--------+----------+----------+------------+
    |  Clock |  Target  | Estimated| Uncertainty|
    +--------+----------+----------+------------+
    |ap_clk  |  10.00 ns|  3.417 ns|     2.70 ns|
    +--------+----------+----------+------------+

+ Latency: 
    * Summary: 
    +---------+---------+----------+----------+-----+-----+---------+
    |  Latency (cycles) |  Latency (absolute) |  Interval | Pipeline|
    |   min   |   max   |    min   |    max   | min | max |   Type  |
    +---------+---------+----------+----------+-----+-----+---------+
    |       32|       32|  0.320 us|  0.320 us|   33|   33|       no|
    +---------+---------+----------+----------+-----+-----+---------+

    + Detail: 
        * Instance: 
        N/A

        * Loop: 
        +-------------------+---------+---------+----------+-----------+-----------+------+----------+
        |                   |  Latency (cycles) | Iteration|  Initiation Interval  | Trip |          |
        |     Loop Name     |   min   |   max   |  Latency |  achieved |   target  | Count| Pipelined|
        +-------------------+---------+---------+----------+-----------+-----------+------+----------+
        |- Row_Col_Product  |       30|       30|         5|          1|          1|    27|       yes|
        +-------------------+---------+---------+----------+-----------+-----------+------+----------+

============================================================
+ Verbose Summary: Synthesis Manager
============================================================
InlineROM: 1
ExposeGlobal: 0
============================================================
+ Verbose Summary: CDFG Model
============================================================
IsTopModel: 1
ResetActiveHigh: 1
IsCombinational: 0
IsDatapathOnly: 0
HasWiredReturn: 1
HasMFsm: 2
HasVarLatency: 1
IsPipeline: 0
IsRtlPipelined: 0
IsInstanceOverlapped: 0
IsDontTouch: 0
HasImplIP: 0
IsGatedGlobalClock: 0

+ Individual pipeline summary: 
  * Pipeline-0: initiation interval (II) = 1, depth = 5


============================================================
+ Verbose Summary: Schedule
============================================================
* Number of FSM states : 5
* Pipeline : 1
  Pipeline-0 : II = 1, D = 5, States = { 1 2 3 4 5 }
* Dataflow Pipeline: 0

* FSM state transitions: 
1 --> 2 
2 --> 3 
3 --> 4 
4 --> 5 
5 --> 

* FSM state operations: 

State 1 <SV = 0> <Delay = 3.41>
ST_1 : Operation 8 [1/1] (0.00ns)   --->   "%empty = alloca i32 1"   --->   Operation 8 'alloca' 'empty' <Predicate = true> <Delay = 0.00>
ST_1 : Operation 9 [1/1] (0.00ns)   --->   "%k = alloca i32 1"   --->   Operation 9 'alloca' 'k' <Predicate = true> <Delay = 0.00>
ST_1 : Operation 10 [1/1] (0.00ns)   --->   "%j = alloca i32 1"   --->   Operation 10 'alloca' 'j' <Predicate = true> <Delay = 0.00>
ST_1 : Operation 11 [1/1] (0.00ns)   --->   "%indvar_flatten = alloca i32 1"   --->   Operation 11 'alloca' 'indvar_flatten' <Predicate = true> <Delay = 0.00>
ST_1 : Operation 12 [1/1] (0.00ns)   --->   "%i = alloca i32 1"   --->   Operation 12 'alloca' 'i' <Predicate = true> <Delay = 0.00>
ST_1 : Operation 13 [1/1] (0.00ns)   --->   "%indvar_flatten15 = alloca i32 1"   --->   Operation 13 'alloca' 'indvar_flatten15' <Predicate = true> <Delay = 0.00>
ST_1 : Operation 14 [1/1] (0.00ns)   --->   "%spectopmodule_ln48 = spectopmodule void @_ssdm_op_SpecTopModule, void @empty_1" [../110061901_lab_a/Design_Optimization_Source_Code/lab1/matrixmul.cpp:48]   --->   Operation 14 'spectopmodule' 'spectopmodule_ln48' <Predicate = true> <Delay = 0.00>
ST_1 : Operation 15 [1/1] (0.00ns)   --->   "%specinterface_ln0 = specinterface void @_ssdm_op_SpecInterface, i8 %a, void @empty, i32 0, i32 0, void @empty_0, i32 4294967295, i32 0, void @empty_0, void @empty_0, void @empty_0, i32 0, i32 0, i32 0, i32 0, void @empty_0, void @empty_0, i32 4294967295, i32 0"   --->   Operation 15 'specinterface' 'specinterface_ln0' <Predicate = true> <Delay = 0.00>
ST_1 : Operation 16 [1/1] (0.00ns)   --->   "%specbitsmap_ln0 = specbitsmap void @_ssdm_op_SpecBitsMap, i8 %a"   --->   Operation 16 'specbitsmap' 'specbitsmap_ln0' <Predicate = true> <Delay = 0.00>
ST_1 : Operation 17 [1/1] (0.00ns)   --->   "%specinterface_ln0 = specinterface void @_ssdm_op_SpecInterface, i8 %b, void @empty, i32 0, i32 0, void @empty_0, i32 4294967295, i32 0, void @empty_0, void @empty_0, void @empty_0, i32 0, i32 0, i32 0, i32 0, void @empty_0, void @empty_0, i32 4294967295, i32 0"   --->   Operation 17 'specinterface' 'specinterface_ln0' <Predicate = true> <Delay = 0.00>
ST_1 : Operation 18 [1/1] (0.00ns)   --->   "%specbitsmap_ln0 = specbitsmap void @_ssdm_op_SpecBitsMap, i8 %b"   --->   Operation 18 'specbitsmap' 'specbitsmap_ln0' <Predicate = true> <Delay = 0.00>
ST_1 : Operation 19 [1/1] (0.00ns)   --->   "%specinterface_ln0 = specinterface void @_ssdm_op_SpecInterface, i16 %res, void @empty, i32 0, i32 0, void @empty_0, i32 4294967295, i32 0, void @empty_0, void @empty_0, void @empty_0, i32 0, i32 0, i32 0, i32 0, void @empty_0, void @empty_0, i32 4294967295, i32 0"   --->   Operation 19 'specinterface' 'specinterface_ln0' <Predicate = true> <Delay = 0.00>
ST_1 : Operation 20 [1/1] (0.00ns)   --->   "%specbitsmap_ln0 = specbitsmap void @_ssdm_op_SpecBitsMap, i16 %res"   --->   Operation 20 'specbitsmap' 'specbitsmap_ln0' <Predicate = true> <Delay = 0.00>
ST_1 : Operation 21 [1/1] (0.46ns)   --->   "%store_ln55 = store i5 0, i5 %indvar_flatten15" [../110061901_lab_a/Design_Optimization_Source_Code/lab1/matrixmul.cpp:55]   --->   Operation 21 'store' 'store_ln55' <Predicate = true> <Delay = 0.46>
ST_1 : Operation 22 [1/1] (0.46ns)   --->   "%store_ln55 = store i2 0, i2 %i" [../110061901_lab_a/Design_Optimization_Source_Code/lab1/matrixmul.cpp:55]   --->   Operation 22 'store' 'store_ln55' <Predicate = true> <Delay = 0.46>
ST_1 : Operation 23 [1/1] (0.46ns)   --->   "%store_ln55 = store i4 0, i4 %indvar_flatten" [../110061901_lab_a/Design_Optimization_Source_Code/lab1/matrixmul.cpp:55]   --->   Operation 23 'store' 'store_ln55' <Predicate = true> <Delay = 0.46>
ST_1 : Operation 24 [1/1] (0.46ns)   --->   "%store_ln55 = store i2 0, i2 %j" [../110061901_lab_a/Design_Optimization_Source_Code/lab1/matrixmul.cpp:55]   --->   Operation 24 'store' 'store_ln55' <Predicate = true> <Delay = 0.46>
ST_1 : Operation 25 [1/1] (0.46ns)   --->   "%store_ln55 = store i2 0, i2 %k" [../110061901_lab_a/Design_Optimization_Source_Code/lab1/matrixmul.cpp:55]   --->   Operation 25 'store' 'store_ln55' <Predicate = true> <Delay = 0.46>
ST_1 : Operation 26 [1/1] (0.46ns)   --->   "%store_ln55 = store i16 3, i16 %empty" [../110061901_lab_a/Design_Optimization_Source_Code/lab1/matrixmul.cpp:55]   --->   Operation 26 'store' 'store_ln55' <Predicate = true> <Delay = 0.46>
ST_1 : Operation 27 [1/1] (0.00ns)   --->   "%br_ln55 = br void %for.inc" [../110061901_lab_a/Design_Optimization_Source_Code/lab1/matrixmul.cpp:55]   --->   Operation 27 'br' 'br_ln55' <Predicate = true> <Delay = 0.00>
ST_1 : Operation 28 [1/1] (0.00ns)   --->   "%indvar_flatten15_load = load i5 %indvar_flatten15" [../110061901_lab_a/Design_Optimization_Source_Code/lab1/matrixmul.cpp:55]   --->   Operation 28 'load' 'indvar_flatten15_load' <Predicate = true> <Delay = 0.00>
ST_1 : Operation 29 [1/1] (0.72ns)   --->   "%icmp_ln55 = icmp_eq  i5 %indvar_flatten15_load, i5 27" [../110061901_lab_a/Design_Optimization_Source_Code/lab1/matrixmul.cpp:55]   --->   Operation 29 'icmp' 'icmp_ln55' <Predicate = true> <Delay = 0.72> <CoreInst = "Cmp">   --->   Core 9 'Cmp' <Latency = 0> <II = 1> <Delay = 0.72> <FuncUnit> <Opcode : 'icmp'> <InPorts = 2> <OutPorts = 1>
ST_1 : Operation 30 [1/1] (0.82ns)   --->   "%add_ln55_1 = add i5 %indvar_flatten15_load, i5 1" [../110061901_lab_a/Design_Optimization_Source_Code/lab1/matrixmul.cpp:55]   --->   Operation 30 'add' 'add_ln55_1' <Predicate = true> <Delay = 0.82> <CoreInst = "Adder">   --->   Core 1 'Adder' <Latency = 0> <II = 1> <Delay = 0.82> <FuncUnit> <Opcode : 'add' 'sub'> <InPorts = 2> <OutPorts = 1>
ST_1 : Operation 31 [1/1] (0.00ns)   --->   "%br_ln55 = br i1 %icmp_ln55, void %for.inc29, void %for.end31" [../110061901_lab_a/Design_Optimization_Source_Code/lab1/matrixmul.cpp:55]   --->   Operation 31 'br' 'br_ln55' <Predicate = true> <Delay = 0.00>
ST_1 : Operation 32 [1/1] (0.00ns)   --->   "%k_load = load i2 %k" [../110061901_lab_a/Design_Optimization_Source_Code/lab1/matrixmul.cpp:61]   --->   Operation 32 'load' 'k_load' <Predicate = (!icmp_ln55)> <Delay = 0.00>
ST_1 : Operation 33 [1/1] (0.00ns)   --->   "%j_load = load i2 %j" [../110061901_lab_a/Design_Optimization_Source_Code/lab1/matrixmul.cpp:55]   --->   Operation 33 'load' 'j_load' <Predicate = (!icmp_ln55)> <Delay = 0.00>
ST_1 : Operation 34 [1/1] (0.00ns)   --->   "%indvar_flatten_load_1 = load i4 %indvar_flatten" [../110061901_lab_a/Design_Optimization_Source_Code/lab1/matrixmul.cpp:57]   --->   Operation 34 'load' 'indvar_flatten_load_1' <Predicate = (!icmp_ln55)> <Delay = 0.00>
ST_1 : Operation 35 [1/1] (0.00ns)   --->   "%i_load = load i2 %i" [../110061901_lab_a/Design_Optimization_Source_Code/lab1/matrixmul.cpp:55]   --->   Operation 35 'load' 'i_load' <Predicate = (!icmp_ln55)> <Delay = 0.00>
ST_1 : Operation 36 [1/1] (0.62ns)   --->   "%add_ln55 = add i2 %i_load, i2 1" [../110061901_lab_a/Design_Optimization_Source_Code/lab1/matrixmul.cpp:55]   --->   Operation 36 'add' 'add_ln55' <Predicate = (!icmp_ln55)> <Delay = 0.62> <CoreInst = "Adder">   --->   Core 1 'Adder' <Latency = 0> <II = 1> <Delay = 0.62> <FuncUnit> <Opcode : 'add' 'sub'> <InPorts = 2> <OutPorts = 1>
ST_1 : Operation 37 [1/1] (0.72ns)   --->   "%icmp_ln57 = icmp_eq  i4 %indvar_flatten_load_1, i4 9" [../110061901_lab_a/Design_Optimization_Source_Code/lab1/matrixmul.cpp:57]   --->   Operation 37 'icmp' 'icmp_ln57' <Predicate = (!icmp_ln55)> <Delay = 0.72> <CoreInst = "Cmp">   --->   Core 9 'Cmp' <Latency = 0> <II = 1> <Delay = 0.72> <FuncUnit> <Opcode : 'icmp'> <InPorts = 2> <OutPorts = 1>
ST_1 : Operation 38 [1/1] (0.34ns)   --->   "%select_ln55 = select i1 %icmp_ln57, i2 0, i2 %j_load" [../110061901_lab_a/Design_Optimization_Source_Code/lab1/matrixmul.cpp:55]   --->   Operation 38 'select' 'select_ln55' <Predicate = (!icmp_ln55)> <Delay = 0.34> <CoreInst = "Sel">   --->   Core 73 'Sel' <Latency = 0> <II = 1> <Delay = 0.34> <FuncUnit> <Opcode : 'select'> <InPorts = 3> <OutPorts = 1>
ST_1 : Operation 39 [1/1] (0.34ns)   --->   "%select_ln55_1 = select i1 %icmp_ln57, i2 %add_ln55, i2 %i_load" [../110061901_lab_a/Design_Optimization_Source_Code/lab1/matrixmul.cpp:55]   --->   Operation 39 'select' 'select_ln55_1' <Predicate = (!icmp_ln55)> <Delay = 0.34> <CoreInst = "Sel">   --->   Core 73 'Sel' <Latency = 0> <II = 1> <Delay = 0.34> <FuncUnit> <Opcode : 'select'> <InPorts = 3> <OutPorts = 1>
ST_1 : Operation 40 [1/1] (0.00ns)   --->   "%zext_ln62 = zext i2 %select_ln55_1" [../110061901_lab_a/Design_Optimization_Source_Code/lab1/matrixmul.cpp:62]   --->   Operation 40 'zext' 'zext_ln62' <Predicate = (!icmp_ln55)> <Delay = 0.00>
ST_1 : Operation 41 [1/1] (0.00ns)   --->   "%tmp = bitconcatenate i4 @_ssdm_op_BitConcatenate.i4.i2.i2, i2 %select_ln55_1, i2 0" [../110061901_lab_a/Design_Optimization_Source_Code/lab1/matrixmul.cpp:62]   --->   Operation 41 'bitconcatenate' 'tmp' <Predicate = (!icmp_ln55)> <Delay = 0.00>
ST_1 : Operation 42 [1/1] (0.80ns)   --->   "%sub_ln62 = sub i4 %tmp, i4 %zext_ln62" [../110061901_lab_a/Design_Optimization_Source_Code/lab1/matrixmul.cpp:62]   --->   Operation 42 'sub' 'sub_ln62' <Predicate = (!icmp_ln55)> <Delay = 0.80> <CoreInst = "Adder">   --->   Core 1 'Adder' <Latency = 0> <II = 1> <Delay = 0.80> <FuncUnit> <Opcode : 'add' 'sub'> <InPorts = 2> <OutPorts = 1>
ST_1 : Operation 43 [1/1] (0.00ns) (grouped into LUT with out node and_ln55)   --->   "%xor_ln55 = xor i1 %icmp_ln57, i1 1" [../110061901_lab_a/Design_Optimization_Source_Code/lab1/matrixmul.cpp:55]   --->   Operation 43 'xor' 'xor_ln55' <Predicate = (!icmp_ln55)> <Delay = 0.00> <CoreInst = "LogicGate">   --->   Core 74 'LogicGate' <Latency = 0> <II = 1> <Delay = 0.14> <FuncUnit> <Opcode : 'and' 'or' 'xor'> <InPorts = 2> <OutPorts = 1>
ST_1 : Operation 44 [1/1] (0.39ns)   --->   "%icmp_ln61 = icmp_eq  i2 %k_load, i2 3" [../110061901_lab_a/Design_Optimization_Source_Code/lab1/matrixmul.cpp:61]   --->   Operation 44 'icmp' 'icmp_ln61' <Predicate = (!icmp_ln55)> <Delay = 0.39> <CoreInst = "Cmp">   --->   Core 9 'Cmp' <Latency = 0> <II = 1> <Delay = 0.39> <FuncUnit> <Opcode : 'icmp'> <InPorts = 2> <OutPorts = 1>
ST_1 : Operation 45 [1/1] (0.14ns) (out node of the LUT)   --->   "%and_ln55 = and i1 %icmp_ln61, i1 %xor_ln55" [../110061901_lab_a/Design_Optimization_Source_Code/lab1/matrixmul.cpp:55]   --->   Operation 45 'and' 'and_ln55' <Predicate = (!icmp_ln55)> <Delay = 0.14> <CoreInst = "LogicGate">   --->   Core 74 'LogicGate' <Latency = 0> <II = 1> <Delay = 0.14> <FuncUnit> <Opcode : 'and' 'or' 'xor'> <InPorts = 2> <OutPorts = 1>
ST_1 : Operation 46 [1/1] (0.62ns)   --->   "%add_ln57 = add i2 %select_ln55, i2 1" [../110061901_lab_a/Design_Optimization_Source_Code/lab1/matrixmul.cpp:57]   --->   Operation 46 'add' 'add_ln57' <Predicate = (!icmp_ln55)> <Delay = 0.62> <CoreInst = "Adder">   --->   Core 1 'Adder' <Latency = 0> <II = 1> <Delay = 0.62> <FuncUnit> <Opcode : 'add' 'sub'> <InPorts = 2> <OutPorts = 1>
ST_1 : Operation 47 [1/1] (0.14ns)   --->   "%or_ln57 = or i1 %and_ln55, i1 %icmp_ln57" [../110061901_lab_a/Design_Optimization_Source_Code/lab1/matrixmul.cpp:57]   --->   Operation 47 'or' 'or_ln57' <Predicate = (!icmp_ln55)> <Delay = 0.14> <CoreInst = "LogicGate">   --->   Core 74 'LogicGate' <Latency = 0> <II = 1> <Delay = 0.14> <FuncUnit> <Opcode : 'and' 'or' 'xor'> <InPorts = 2> <OutPorts = 1>
ST_1 : Operation 48 [1/1] (0.34ns)   --->   "%select_ln57 = select i1 %or_ln57, i2 0, i2 %k_load" [../110061901_lab_a/Design_Optimization_Source_Code/lab1/matrixmul.cpp:57]   --->   Operation 48 'select' 'select_ln57' <Predicate = (!icmp_ln55)> <Delay = 0.34> <CoreInst = "Sel">   --->   Core 73 'Sel' <Latency = 0> <II = 1> <Delay = 0.34> <FuncUnit> <Opcode : 'select'> <InPorts = 3> <OutPorts = 1>
ST_1 : Operation 49 [1/1] (0.34ns)   --->   "%select_ln57_2 = select i1 %and_ln55, i2 %add_ln57, i2 %select_ln55" [../110061901_lab_a/Design_Optimization_Source_Code/lab1/matrixmul.cpp:57]   --->   Operation 49 'select' 'select_ln57_2' <Predicate = (!icmp_ln55)> <Delay = 0.34> <CoreInst = "Sel">   --->   Core 73 'Sel' <Latency = 0> <II = 1> <Delay = 0.34> <FuncUnit> <Opcode : 'select'> <InPorts = 3> <OutPorts = 1>
ST_1 : Operation 50 [1/1] (0.00ns)   --->   "%zext_ln59 = zext i2 %select_ln57_2" [../110061901_lab_a/Design_Optimization_Source_Code/lab1/matrixmul.cpp:59]   --->   Operation 50 'zext' 'zext_ln59' <Predicate = (!icmp_ln55)> <Delay = 0.00>
ST_1 : Operation 51 [1/1] (0.80ns)   --->   "%add_ln59 = add i4 %sub_ln62, i4 %zext_ln59" [../110061901_lab_a/Design_Optimization_Source_Code/lab1/matrixmul.cpp:59]   --->   Operation 51 'add' 'add_ln59' <Predicate = (!icmp_ln55)> <Delay = 0.80> <CoreInst = "Adder">   --->   Core 1 'Adder' <Latency = 0> <II = 1> <Delay = 0.80> <FuncUnit> <Opcode : 'add' 'sub'> <InPorts = 2> <OutPorts = 1>
ST_1 : Operation 52 [1/1] (0.00ns)   --->   "%zext_ln62_1 = zext i2 %select_ln57" [../110061901_lab_a/Design_Optimization_Source_Code/lab1/matrixmul.cpp:62]   --->   Operation 52 'zext' 'zext_ln62_1' <Predicate = (!icmp_ln55)> <Delay = 0.00>
ST_1 : Operation 53 [1/1] (0.80ns)   --->   "%add_ln62_1 = add i4 %sub_ln62, i4 %zext_ln62_1" [../110061901_lab_a/Design_Optimization_Source_Code/lab1/matrixmul.cpp:62]   --->   Operation 53 'add' 'add_ln62_1' <Predicate = (!icmp_ln55)> <Delay = 0.80> <CoreInst = "Adder">   --->   Core 1 'Adder' <Latency = 0> <II = 1> <Delay = 0.80> <FuncUnit> <Opcode : 'add' 'sub'> <InPorts = 2> <OutPorts = 1>
ST_1 : Operation 54 [1/1] (0.00ns)   --->   "%zext_ln62_2 = zext i4 %add_ln62_1" [../110061901_lab_a/Design_Optimization_Source_Code/lab1/matrixmul.cpp:62]   --->   Operation 54 'zext' 'zext_ln62_2' <Predicate = (!icmp_ln55)> <Delay = 0.00>
ST_1 : Operation 55 [1/1] (0.00ns)   --->   "%a_addr = getelementptr i8 %a, i64 0, i64 %zext_ln62_2" [../110061901_lab_a/Design_Optimization_Source_Code/lab1/matrixmul.cpp:62]   --->   Operation 55 'getelementptr' 'a_addr' <Predicate = (!icmp_ln55)> <Delay = 0.00>
ST_1 : Operation 56 [1/1] (0.00ns)   --->   "%tmp_1 = bitconcatenate i4 @_ssdm_op_BitConcatenate.i4.i2.i2, i2 %select_ln57, i2 0" [../110061901_lab_a/Design_Optimization_Source_Code/lab1/matrixmul.cpp:62]   --->   Operation 56 'bitconcatenate' 'tmp_1' <Predicate = (!icmp_ln55)> <Delay = 0.00>
ST_1 : Operation 57 [1/1] (0.00ns) (grouped into TernaryAdder)   --->   "%sub_ln62_1 = sub i4 %tmp_1, i4 %zext_ln62_1" [../110061901_lab_a/Design_Optimization_Source_Code/lab1/matrixmul.cpp:62]   --->   Operation 57 'sub' 'sub_ln62_1' <Predicate = (!icmp_ln55)> <Delay = 0.00> <CoreInst = "TAddSub">   --->   Core 10 'TAddSub' <Latency = 0> <II = 1> <Delay = 0.23> <IPBlock> <Opcode : 'add' 'sub'> <InPorts = 3> <OutPorts = 1> <Sync> <CReg>
ST_1 : Operation 58 [1/1] (0.46ns) (root node of TernaryAdder)   --->   "%add_ln62_2 = add i4 %sub_ln62_1, i4 %zext_ln59" [../110061901_lab_a/Design_Optimization_Source_Code/lab1/matrixmul.cpp:62]   --->   Operation 58 'add' 'add_ln62_2' <Predicate = (!icmp_ln55)> <Delay = 0.46> <CoreInst = "TAddSub">   --->   Core 10 'TAddSub' <Latency = 0> <II = 1> <Delay = 0.23> <IPBlock> <Opcode : 'add' 'sub'> <InPorts = 3> <OutPorts = 1> <Sync> <CReg>
ST_1 : Operation 59 [1/1] (0.00ns)   --->   "%zext_ln62_3 = zext i4 %add_ln62_2" [../110061901_lab_a/Design_Optimization_Source_Code/lab1/matrixmul.cpp:62]   --->   Operation 59 'zext' 'zext_ln62_3' <Predicate = (!icmp_ln55)> <Delay = 0.00>
ST_1 : Operation 60 [1/1] (0.00ns)   --->   "%b_addr = getelementptr i8 %b, i64 0, i64 %zext_ln62_3" [../110061901_lab_a/Design_Optimization_Source_Code/lab1/matrixmul.cpp:62]   --->   Operation 60 'getelementptr' 'b_addr' <Predicate = (!icmp_ln55)> <Delay = 0.00>
ST_1 : Operation 61 [2/2] (0.73ns)   --->   "%a_load = load i4 %a_addr" [../110061901_lab_a/Design_Optimization_Source_Code/lab1/matrixmul.cpp:62]   --->   Operation 61 'load' 'a_load' <Predicate = (!icmp_ln55)> <Delay = 0.73> <CoreInst = "RAM">   --->   Core 83 'RAM' <Latency = 1> <II = 1> <Delay = 0.73> <Storage> <Opcode : 'load' 'store'> <Ports = 2> <Width = 8> <Depth = 9> <RAM>
ST_1 : Operation 62 [2/2] (0.73ns)   --->   "%b_load = load i4 %b_addr" [../110061901_lab_a/Design_Optimization_Source_Code/lab1/matrixmul.cpp:62]   --->   Operation 62 'load' 'b_load' <Predicate = (!icmp_ln55)> <Delay = 0.73> <CoreInst = "RAM">   --->   Core 83 'RAM' <Latency = 1> <II = 1> <Delay = 0.73> <Storage> <Opcode : 'load' 'store'> <Ports = 2> <Width = 8> <Depth = 9> <RAM>
ST_1 : Operation 63 [1/1] (0.62ns)   --->   "%add_ln61 = add i2 %select_ln57, i2 1" [../110061901_lab_a/Design_Optimization_Source_Code/lab1/matrixmul.cpp:61]   --->   Operation 63 'add' 'add_ln61' <Predicate = (!icmp_ln55)> <Delay = 0.62> <CoreInst = "Adder">   --->   Core 1 'Adder' <Latency = 0> <II = 1> <Delay = 0.62> <FuncUnit> <Opcode : 'add' 'sub'> <InPorts = 2> <OutPorts = 1>
ST_1 : Operation 64 [1/1] (0.39ns)   --->   "%icmp_ln61_1 = icmp_eq  i2 %add_ln61, i2 3" [../110061901_lab_a/Design_Optimization_Source_Code/lab1/matrixmul.cpp:61]   --->   Operation 64 'icmp' 'icmp_ln61_1' <Predicate = (!icmp_ln55)> <Delay = 0.39> <CoreInst = "Cmp">   --->   Core 9 'Cmp' <Latency = 0> <II = 1> <Delay = 0.39> <FuncUnit> <Opcode : 'icmp'> <InPorts = 2> <OutPorts = 1>
ST_1 : Operation 65 [1/1] (0.00ns)   --->   "%br_ln61 = br i1 %icmp_ln61_1, void %ifFalse, void %ifTrue" [../110061901_lab_a/Design_Optimization_Source_Code/lab1/matrixmul.cpp:61]   --->   Operation 65 'br' 'br_ln61' <Predicate = (!icmp_ln55)> <Delay = 0.00>
ST_1 : Operation 66 [1/1] (0.00ns)   --->   "%indvar_flatten_load = load i4 %indvar_flatten" [../110061901_lab_a/Design_Optimization_Source_Code/lab1/matrixmul.cpp:57]   --->   Operation 66 'load' 'indvar_flatten_load' <Predicate = (!icmp_ln55)> <Delay = 0.00>
ST_1 : Operation 67 [1/1] (0.80ns)   --->   "%add_ln57_1 = add i4 %indvar_flatten_load, i4 1" [../110061901_lab_a/Design_Optimization_Source_Code/lab1/matrixmul.cpp:57]   --->   Operation 67 'add' 'add_ln57_1' <Predicate = (!icmp_ln55)> <Delay = 0.80> <CoreInst = "Adder">   --->   Core 1 'Adder' <Latency = 0> <II = 1> <Delay = 0.80> <FuncUnit> <Opcode : 'add' 'sub'> <InPorts = 2> <OutPorts = 1>
ST_1 : Operation 68 [1/1] (0.18ns)   --->   "%select_ln57_3 = select i1 %icmp_ln57, i4 1, i4 %add_ln57_1" [../110061901_lab_a/Design_Optimization_Source_Code/lab1/matrixmul.cpp:57]   --->   Operation 68 'select' 'select_ln57_3' <Predicate = (!icmp_ln55)> <Delay = 0.18> <CoreInst = "Sel">   --->   Core 73 'Sel' <Latency = 0> <II = 1> <Delay = 0.18> <FuncUnit> <Opcode : 'select'> <InPorts = 3> <OutPorts = 1>
ST_1 : Operation 69 [1/1] (0.46ns)   --->   "%store_ln55 = store i5 %add_ln55_1, i5 %indvar_flatten15" [../110061901_lab_a/Design_Optimization_Source_Code/lab1/matrixmul.cpp:55]   --->   Operation 69 'store' 'store_ln55' <Predicate = (!icmp_ln55)> <Delay = 0.46>
ST_1 : Operation 70 [1/1] (0.46ns)   --->   "%store_ln55 = store i2 %select_ln55_1, i2 %i" [../110061901_lab_a/Design_Optimization_Source_Code/lab1/matrixmul.cpp:55]   --->   Operation 70 'store' 'store_ln55' <Predicate = (!icmp_ln55)> <Delay = 0.46>
ST_1 : Operation 71 [1/1] (0.46ns)   --->   "%store_ln57 = store i4 %select_ln57_3, i4 %indvar_flatten" [../110061901_lab_a/Design_Optimization_Source_Code/lab1/matrixmul.cpp:57]   --->   Operation 71 'store' 'store_ln57' <Predicate = (!icmp_ln55)> <Delay = 0.46>
ST_1 : Operation 72 [1/1] (0.46ns)   --->   "%store_ln57 = store i2 %select_ln57_2, i2 %j" [../110061901_lab_a/Design_Optimization_Source_Code/lab1/matrixmul.cpp:57]   --->   Operation 72 'store' 'store_ln57' <Predicate = (!icmp_ln55)> <Delay = 0.46>
ST_1 : Operation 73 [1/1] (0.46ns)   --->   "%store_ln61 = store i2 %add_ln61, i2 %k" [../110061901_lab_a/Design_Optimization_Source_Code/lab1/matrixmul.cpp:61]   --->   Operation 73 'store' 'store_ln61' <Predicate = (!icmp_ln55)> <Delay = 0.46>

State 2 <SV = 1> <Delay = 1.81>
ST_2 : Operation 74 [1/2] (0.73ns)   --->   "%a_load = load i4 %a_addr" [../110061901_lab_a/Design_Optimization_Source_Code/lab1/matrixmul.cpp:62]   --->   Operation 74 'load' 'a_load' <Predicate = true> <Delay = 0.73> <CoreInst = "RAM">   --->   Core 83 'RAM' <Latency = 1> <II = 1> <Delay = 0.73> <Storage> <Opcode : 'load' 'store'> <Ports = 2> <Width = 8> <Depth = 9> <RAM>
ST_2 : Operation 75 [1/1] (0.00ns)   --->   "%sext_ln62 = sext i8 %a_load" [../110061901_lab_a/Design_Optimization_Source_Code/lab1/matrixmul.cpp:62]   --->   Operation 75 'sext' 'sext_ln62' <Predicate = true> <Delay = 0.00>
ST_2 : Operation 76 [1/2] (0.73ns)   --->   "%b_load = load i4 %b_addr" [../110061901_lab_a/Design_Optimization_Source_Code/lab1/matrixmul.cpp:62]   --->   Operation 76 'load' 'b_load' <Predicate = true> <Delay = 0.73> <CoreInst = "RAM">   --->   Core 83 'RAM' <Latency = 1> <II = 1> <Delay = 0.73> <Storage> <Opcode : 'load' 'store'> <Ports = 2> <Width = 8> <Depth = 9> <RAM>
ST_2 : Operation 77 [1/1] (0.00ns)   --->   "%sext_ln62_1 = sext i8 %b_load" [../110061901_lab_a/Design_Optimization_Source_Code/lab1/matrixmul.cpp:62]   --->   Operation 77 'sext' 'sext_ln62_1' <Predicate = true> <Delay = 0.00>
ST_2 : Operation 78 [3/3] (1.08ns) (grouped into DSP with root node add_ln62)   --->   "%mul_ln62 = mul i16 %sext_ln62_1, i16 %sext_ln62" [../110061901_lab_a/Design_Optimization_Source_Code/lab1/matrixmul.cpp:62]   --->   Operation 78 'mul' 'mul_ln62' <Predicate = true> <Delay = 1.08> <CoreInst = "DSP48">   --->   Core 127 'DSP48' <Latency = 3> <II = 1> <Delay = 0.69> <IPBlock> <Opcode : 'mul' 'add' 'sub' 'select'> <InPorts = 0> <OutPorts = 1> <Sync> <CReg>

State 3 <SV = 2> <Delay = 1.08>
ST_3 : Operation 79 [2/3] (1.08ns) (grouped into DSP with root node add_ln62)   --->   "%mul_ln62 = mul i16 %sext_ln62_1, i16 %sext_ln62" [../110061901_lab_a/Design_Optimization_Source_Code/lab1/matrixmul.cpp:62]   --->   Operation 79 'mul' 'mul_ln62' <Predicate = true> <Delay = 1.08> <CoreInst = "DSP48">   --->   Core 127 'DSP48' <Latency = 3> <II = 1> <Delay = 0.69> <IPBlock> <Opcode : 'mul' 'add' 'sub' 'select'> <InPorts = 0> <OutPorts = 1> <Sync> <CReg>

State 4 <SV = 3> <Delay = 1.12>
ST_4 : Operation 80 [1/1] (0.00ns)   --->   "%p_load = load i16 %empty" [../110061901_lab_a/Design_Optimization_Source_Code/lab1/matrixmul.cpp:57]   --->   Operation 80 'load' 'p_load' <Predicate = (!or_ln57)> <Delay = 0.00>
ST_4 : Operation 81 [1/1] (0.29ns)   --->   "%select_ln57_1 = select i1 %or_ln57, i16 3, i16 %p_load" [../110061901_lab_a/Design_Optimization_Source_Code/lab1/matrixmul.cpp:57]   --->   Operation 81 'select' 'select_ln57_1' <Predicate = true> <Delay = 0.29> <CoreInst = "Sel">   --->   Core 73 'Sel' <Latency = 0> <II = 1> <Delay = 0.29> <FuncUnit> <Opcode : 'select'> <InPorts = 3> <OutPorts = 1>
ST_4 : Operation 82 [1/3] (0.00ns) (grouped into DSP with root node add_ln62)   --->   "%mul_ln62 = mul i16 %sext_ln62_1, i16 %sext_ln62" [../110061901_lab_a/Design_Optimization_Source_Code/lab1/matrixmul.cpp:62]   --->   Operation 82 'mul' 'mul_ln62' <Predicate = true> <Delay = 0.00> <CoreInst = "DSP48">   --->   Core 127 'DSP48' <Latency = 3> <II = 1> <Delay = 0.69> <IPBlock> <Opcode : 'mul' 'add' 'sub' 'select'> <InPorts = 0> <OutPorts = 1> <Sync> <CReg>
ST_4 : Operation 83 [2/2] (0.83ns) (root node of the DSP)   --->   "%add_ln62 = add i16 %mul_ln62, i16 %select_ln57_1" [../110061901_lab_a/Design_Optimization_Source_Code/lab1/matrixmul.cpp:62]   --->   Operation 83 'add' 'add_ln62' <Predicate = true> <Delay = 0.83> <CoreInst = "DSP48">   --->   Core 127 'DSP48' <Latency = 3> <II = 1> <Delay = 0.69> <IPBlock> <Opcode : 'mul' 'add' 'sub' 'select'> <InPorts = 0> <OutPorts = 1> <Sync> <CReg>
ST_4 : Operation 96 [1/1] (0.00ns)   --->   "%ret_ln68 = ret" [../110061901_lab_a/Design_Optimization_Source_Code/lab1/matrixmul.cpp:68]   --->   Operation 96 'ret' 'ret_ln68' <Predicate = (icmp_ln55)> <Delay = 0.00>

State 5 <SV = 4> <Delay = 1.56>
ST_5 : Operation 84 [1/1] (0.00ns)   --->   "%specloopname_ln0 = specloopname void @_ssdm_op_SpecLoopName, void @Row_Col_Product_str"   --->   Operation 84 'specloopname' 'specloopname_ln0' <Predicate = true> <Delay = 0.00>
ST_5 : Operation 85 [1/1] (0.00ns)   --->   "%empty_6 = speclooptripcount i32 @_ssdm_op_SpecLoopTripCount, i64 27, i64 27, i64 27"   --->   Operation 85 'speclooptripcount' 'empty_6' <Predicate = true> <Delay = 0.00>
ST_5 : Operation 86 [1/1] (0.00ns)   --->   "%specloopname_ln0 = specloopname void @_ssdm_op_SpecLoopName, void @Col_Product_str"   --->   Operation 86 'specloopname' 'specloopname_ln0' <Predicate = true> <Delay = 0.00>
ST_5 : Operation 87 [1/1] (0.00ns)   --->   "%zext_ln59_1 = zext i4 %add_ln59" [../110061901_lab_a/Design_Optimization_Source_Code/lab1/matrixmul.cpp:59]   --->   Operation 87 'zext' 'zext_ln59_1' <Predicate = true> <Delay = 0.00>
ST_5 : Operation 88 [1/1] (0.00ns)   --->   "%res_addr = getelementptr i16 %res, i64 0, i64 %zext_ln59_1" [../110061901_lab_a/Design_Optimization_Source_Code/lab1/matrixmul.cpp:59]   --->   Operation 88 'getelementptr' 'res_addr' <Predicate = true> <Delay = 0.00>
ST_5 : Operation 89 [1/1] (0.00ns)   --->   "%specpipeline_ln7 = specpipeline void @_ssdm_op_SpecPipeline, i32 4294967295, i32 0, i32 0, i32 0, void @empty_0" [C:/Users/ShaneWu/OneDrive/Desktop/Documents/NTU/HLS/labA/hls_matrixmul_prj/solution2/directives.tcl:7]   --->   Operation 89 'specpipeline' 'specpipeline_ln7' <Predicate = true> <Delay = 0.00>
ST_5 : Operation 90 [1/1] (0.00ns)   --->   "%specloopname_ln61 = specloopname void @_ssdm_op_SpecLoopName, void @empty_2" [../110061901_lab_a/Design_Optimization_Source_Code/lab1/matrixmul.cpp:61]   --->   Operation 90 'specloopname' 'specloopname_ln61' <Predicate = true> <Delay = 0.00>
ST_5 : Operation 91 [1/2] (0.83ns) (root node of the DSP)   --->   "%add_ln62 = add i16 %mul_ln62, i16 %select_ln57_1" [../110061901_lab_a/Design_Optimization_Source_Code/lab1/matrixmul.cpp:62]   --->   Operation 91 'add' 'add_ln62' <Predicate = true> <Delay = 0.83> <CoreInst = "DSP48">   --->   Core 127 'DSP48' <Latency = 3> <II = 1> <Delay = 0.69> <IPBlock> <Opcode : 'mul' 'add' 'sub' 'select'> <InPorts = 0> <OutPorts = 1> <Sync> <CReg>
ST_5 : Operation 92 [1/1] (0.73ns)   --->   "%store_ln62 = store i16 %add_ln62, i4 %res_addr" [../110061901_lab_a/Design_Optimization_Source_Code/lab1/matrixmul.cpp:62]   --->   Operation 92 'store' 'store_ln62' <Predicate = (icmp_ln61_1)> <Delay = 0.73> <CoreInst = "RAM">   --->   Core 83 'RAM' <Latency = 1> <II = 1> <Delay = 0.73> <Storage> <Opcode : 'load' 'store'> <Ports = 2> <Width = 16> <Depth = 9> <RAM>
ST_5 : Operation 93 [1/1] (0.00ns)   --->   "%br_ln0 = br void %ifFalse"   --->   Operation 93 'br' 'br_ln0' <Predicate = (icmp_ln61_1)> <Delay = 0.00>
ST_5 : Operation 94 [1/1] (0.46ns)   --->   "%store_ln62 = store i16 %add_ln62, i16 %empty" [../110061901_lab_a/Design_Optimization_Source_Code/lab1/matrixmul.cpp:62]   --->   Operation 94 'store' 'store_ln62' <Predicate = true> <Delay = 0.46>
ST_5 : Operation 95 [1/1] (0.00ns)   --->   "%br_ln0 = br void %for.inc"   --->   Operation 95 'br' 'br_ln0' <Predicate = true> <Delay = 0.00>


============================================================
+ Verbose Summary: Timing violations
============================================================
Target clock period: 10ns, clock uncertainty: 2.7ns.

 <State 1>: 3.42ns
The critical path consists of the following:
	'alloca' operation ('indvar_flatten') [7]  (0 ns)
	'load' operation ('indvar_flatten_load_1', ../110061901_lab_a/Design_Optimization_Source_Code/lab1/matrixmul.cpp:57) on local variable 'indvar_flatten' [33]  (0 ns)
	'icmp' operation ('icmp_ln57', ../110061901_lab_a/Design_Optimization_Source_Code/lab1/matrixmul.cpp:57) [38]  (0.724 ns)
	'select' operation ('select_ln55_1', ../110061901_lab_a/Design_Optimization_Source_Code/lab1/matrixmul.cpp:55) [40]  (0.345 ns)
	'sub' operation ('sub_ln62', ../110061901_lab_a/Design_Optimization_Source_Code/lab1/matrixmul.cpp:62) [43]  (0.809 ns)
	'add' operation ('add_ln62_1', ../110061901_lab_a/Design_Optimization_Source_Code/lab1/matrixmul.cpp:62) [58]  (0.809 ns)
	'getelementptr' operation ('a_addr', ../110061901_lab_a/Design_Optimization_Source_Code/lab1/matrixmul.cpp:62) [60]  (0 ns)
	'load' operation ('a_load', ../110061901_lab_a/Design_Optimization_Source_Code/lab1/matrixmul.cpp:62) on array 'a' [68]  (0.73 ns)

 <State 2>: 1.82ns
The critical path consists of the following:
	'load' operation ('a_load', ../110061901_lab_a/Design_Optimization_Source_Code/lab1/matrixmul.cpp:62) on array 'a' [68]  (0.73 ns)
	'mul' operation of DSP[73] ('mul_ln62', ../110061901_lab_a/Design_Optimization_Source_Code/lab1/matrixmul.cpp:62) [72]  (1.09 ns)

 <State 3>: 1.09ns
The critical path consists of the following:
	'mul' operation of DSP[73] ('mul_ln62', ../110061901_lab_a/Design_Optimization_Source_Code/lab1/matrixmul.cpp:62) [72]  (1.09 ns)

 <State 4>: 1.12ns
The critical path consists of the following:
	'load' operation ('p_load', ../110061901_lab_a/Design_Optimization_Source_Code/lab1/matrixmul.cpp:57) on local variable 'empty' [30]  (0 ns)
	'select' operation ('select_ln57_1', ../110061901_lab_a/Design_Optimization_Source_Code/lab1/matrixmul.cpp:57) [51]  (0.294 ns)
	'add' operation of DSP[73] ('add_ln62', ../110061901_lab_a/Design_Optimization_Source_Code/lab1/matrixmul.cpp:62) [73]  (0.831 ns)

 <State 5>: 1.56ns
The critical path consists of the following:
	'add' operation of DSP[73] ('add_ln62', ../110061901_lab_a/Design_Optimization_Source_Code/lab1/matrixmul.cpp:62) [73]  (0.831 ns)
	'store' operation ('store_ln62', ../110061901_lab_a/Design_Optimization_Source_Code/lab1/matrixmul.cpp:62) of variable 'add_ln62', ../110061901_lab_a/Design_Optimization_Source_Code/lab1/matrixmul.cpp:62 on array 'res' [78]  (0.73 ns)


============================================================
+ Verbose Summary: Binding
============================================================
N/A
* FSMD analyzer results:
  - Output states:
 - Input state : 
  - Chain level:
	State 1
	State 2
	State 3
	State 4
	State 5


============================================================
+ Verbose Summary: Datapath Resource usage 
============================================================
N/A
