

================================================================
== Synthesis Summary Report of 'matrixmul'
================================================================
+ General Information: 
    * Date:           Thu Oct 13 01:11:22 2022
    * Version:        2022.1 (Build 3526262 on Mon Apr 18 15:48:16 MDT 2022)
    * Project:        hls_matrixmul_prj
    * Solution:       solution3 (Vivado IP Flow Target)
    * Product family: virtexuplus
    * Target device:  xcvu9p-flgb2104-1-e
    

+ Performance & Resource Estimates: 
    
    PS: '+' for module; 'o' for loop; '*' for dataflow
    +-------------+------+------+---------+---------+----------+---------+------+----------+------+---------+-----------+-----------+-----+
    |   Modules   | Issue|      | Latency | Latency | Iteration|         | Trip |          |      |         |           |           |     |
    |   & Loops   | Type | Slack| (cycles)|   (ns)  |  Latency | Interval| Count| Pipelined| BRAM |   DSP   |     FF    |    LUT    | URAM|
    +-------------+------+------+---------+---------+----------+---------+------+----------+------+---------+-----------+-----------+-----+
    |+ matrixmul  |     -|  4.14|       23|  230.000|         -|       24|     -|        no|     -|  2 (~0%)|  122 (~0%)|  361 (~0%)|    -|
    | o Row_Col   |    II|  7.30|       21|  210.000|         6|        2|     9|       yes|     -|        -|          -|          -|    -|
    +-------------+------+------+---------+---------+----------+---------+------+----------+------+---------+-----------+-----------+-----+


================================================================
== HW Interfaces
================================================================
* AP_MEMORY
+--------------+----------+
| Interface    | Bitwidth |
+--------------+----------+
| a_address0   | 4        |
| a_address1   | 4        |
| a_q0         | 8        |
| a_q1         | 8        |
| b_address0   | 4        |
| b_address1   | 4        |
| b_q0         | 8        |
| b_q1         | 8        |
| res_address0 | 4        |
| res_d0       | 16       |
+--------------+----------+

* TOP LEVEL CONTROL
+-----------+------------+-----------------------------------+
| Interface | Type       | Ports                             |
+-----------+------------+-----------------------------------+
| ap_clk    | clock      | ap_clk                            |
| ap_rst    | reset      | ap_rst                            |
| ap_ctrl   | ap_ctrl_hs | ap_done ap_idle ap_ready ap_start |
+-----------+------------+-----------------------------------+


================================================================
== SW I/O Information
================================================================
* Top Function Arguments
+----------+-----------+----------+
| Argument | Direction | Datatype |
+----------+-----------+----------+
| a        | in        | char*    |
| b        | in        | char*    |
| res      | out       | short*   |
+----------+-----------+----------+

* SW-to-HW Mapping
+----------+--------------+---------+----------+
| Argument | HW Interface | HW Type | HW Usage |
+----------+--------------+---------+----------+
| a        | a_address0   | port    | offset   |
| a        | a_ce0        | port    |          |
| a        | a_q0         | port    |          |
| a        | a_address1   | port    | offset   |
| a        | a_ce1        | port    |          |
| a        | a_q1         | port    |          |
| b        | b_address0   | port    | offset   |
| b        | b_ce0        | port    |          |
| b        | b_q0         | port    |          |
| b        | b_address1   | port    | offset   |
| b        | b_ce1        | port    |          |
| b        | b_q1         | port    |          |
| res      | res_address0 | port    | offset   |
| res      | res_ce0      | port    |          |
| res      | res_we0      | port    |          |
| res      | res_d0       | port    |          |
+----------+--------------+---------+----------+


================================================================
== Bind Op Report
================================================================
+----------------------------------+-----+--------+------------+-----+--------+---------+
| Name                             | DSP | Pragma | Variable   | Op  | Impl   | Latency |
+----------------------------------+-----+--------+------------+-----+--------+---------+
| + matrixmul                      | 2   |        |            |     |        |         |
|   empty_fu_192_p2                | -   |        | empty      | sub | fabric | 0       |
|   add_ln55_3_fu_204_p2           | -   |        | add_ln55_3 | add | fabric | 0       |
|   add_ln55_fu_213_p2             | -   |        | add_ln55   | add | fabric | 0       |
|   empty_7_fu_245_p2              | -   |        | empty_7    | sub | fabric | 0       |
|   add_ln55_1_fu_285_p2           | -   |        | add_ln55_1 | add | fabric | 0       |
|   add_ln55_2_fu_296_p2           | -   |        | add_ln55_2 | add | fabric | 0       |
|   add_ln62_3_fu_315_p2           | -   |        | add_ln62_3 | add | fabric | 0       |
|   add_ln62_4_fu_326_p2           | -   |        | add_ln62_4 | add | fabric | 0       |
|   mul_8s_8s_16_1_1_U1            | -   |        | mul_ln62   | mul | auto   | 0       |
|   mac_muladd_8s_8s_16s_16_4_1_U2 | 1   |        | mul_ln62_1 | mul | dsp48  | 3       |
|   mac_muladd_8s_8s_2ns_16_4_1_U3 | 1   |        | mul_ln62_2 | mul | dsp48  | 3       |
|   mac_muladd_8s_8s_16s_16_4_1_U2 | 1   |        | add_ln62   | add | dsp48  | 3       |
|   mac_muladd_8s_8s_2ns_16_4_1_U3 | 1   |        | add_ln62_1 | add | dsp48  | 3       |
|   res_d0                         | -   |        | add_ln62_2 | add | fabric | 0       |
|   add_ln57_fu_343_p2             | -   |        | add_ln57   | add | fabric | 0       |
+----------------------------------+-----+--------+------------+-----+--------+---------+


================================================================
== Bind Storage Report
================================================================
  No bind storage info in design

================================================================
== Pragma Report
================================================================
* Valid Pragma Syntax
+----------+---------+-----------------------------------------------------------+
| Type     | Options | Location                                                  |
+----------+---------+-----------------------------------------------------------+
| pipeline |         | hls_matrixmul_prj/solution3/directives.tcl:7 in matrixmul |
+----------+---------+-----------------------------------------------------------+


