

================================================================
== Vitis HLS Report for 'matrixmul'
================================================================
* Date:           Thu Oct 13 01:11:21 2022

* Version:        2022.1 (Build 3526262 on Mon Apr 18 15:48:16 MDT 2022)
* Project:        hls_matrixmul_prj
* Solution:       solution3 (Vivado IP Flow Target)
* Product family: virtexuplus
* Target device:  xcvu9p-flgb2104-1-e


================================================================
== Performance Estimates
================================================================
+ Timing: 
    * Summary: 
    +--------+----------+----------+------------+
    |  Clock |  Target  | Estimated| Uncertainty|
    +--------+----------+----------+------------+
    |ap_clk  |  10.00 ns|  3.156 ns|     2.70 ns|
    +--------+----------+----------+------------+

+ Latency: 
    * Summary: 
    +---------+---------+----------+----------+-----+-----+---------+
    |  Latency (cycles) |  Latency (absolute) |  Interval | Pipeline|
    |   min   |   max   |    min   |    max   | min | max |   Type  |
    +---------+---------+----------+----------+-----+-----+---------+
    |       23|       23|  0.230 us|  0.230 us|   24|   24|       no|
    +---------+---------+----------+----------+-----+-----+---------+

    + Detail: 
        * Instance: 
        N/A

        * Loop: 
        +-----------+---------+---------+----------+-----------+-----------+------+----------+
        |           |  Latency (cycles) | Iteration|  Initiation Interval  | Trip |          |
        | Loop Name |   min   |   max   |  Latency |  achieved |   target  | Count| Pipelined|
        +-----------+---------+---------+----------+-----------+-----------+------+----------+
        |- Row_Col  |       21|       21|         6|          2|          1|     9|       yes|
        +-----------+---------+---------+----------+-----------+-----------+------+----------+

============================================================
+ Verbose Summary: Synthesis Manager
============================================================
InlineROM: 1
ExposeGlobal: 0
============================================================
+ Verbose Summary: CDFG Model
============================================================
IsTopModel: 1
ResetActiveHigh: 1
IsCombinational: 0
IsDatapathOnly: 0
HasWiredReturn: 1
HasMFsm: 2
HasVarLatency: 1
IsPipeline: 0
IsRtlPipelined: 0
IsInstanceOverlapped: 0
IsDontTouch: 0
HasImplIP: 0
IsGatedGlobalClock: 0

+ Individual pipeline summary: 
  * Pipeline-0: initiation interval (II) = 2, depth = 6


============================================================
+ Verbose Summary: Schedule
============================================================
* Number of FSM states : 6
* Pipeline : 1
  Pipeline-0 : II = 2, D = 6, States = { 1 2 3 4 5 6 }
* Dataflow Pipeline: 0

* FSM state transitions: 
1 --> 2 
2 --> 3 
3 --> 4 
4 --> 5 
5 --> 6 
6 --> 

* FSM state operations: 

State 1 <SV = 0> <Delay = 3.15>
ST_1 : Operation 9 [1/1] (0.00ns)   --->   "%j = alloca i32 1"   --->   Operation 9 'alloca' 'j' <Predicate = true> <Delay = 0.00>
ST_1 : Operation 10 [1/1] (0.00ns)   --->   "%i = alloca i32 1"   --->   Operation 10 'alloca' 'i' <Predicate = true> <Delay = 0.00>
ST_1 : Operation 11 [1/1] (0.00ns)   --->   "%indvar_flatten = alloca i32 1"   --->   Operation 11 'alloca' 'indvar_flatten' <Predicate = true> <Delay = 0.00>
ST_1 : Operation 12 [1/1] (0.00ns)   --->   "%spectopmodule_ln48 = spectopmodule void @_ssdm_op_SpecTopModule, void @empty_1" [../110061901_lab_a/Design_Optimization_Source_Code/lab1/matrixmul.cpp:48]   --->   Operation 12 'spectopmodule' 'spectopmodule_ln48' <Predicate = true> <Delay = 0.00>
ST_1 : Operation 13 [1/1] (0.00ns)   --->   "%specinterface_ln0 = specinterface void @_ssdm_op_SpecInterface, i8 %a, void @empty, i32 0, i32 0, void @empty_0, i32 4294967295, i32 0, void @empty_0, void @empty_0, void @empty_0, i32 0, i32 0, i32 0, i32 0, void @empty_0, void @empty_0, i32 4294967295, i32 0"   --->   Operation 13 'specinterface' 'specinterface_ln0' <Predicate = true> <Delay = 0.00>
ST_1 : Operation 14 [1/1] (0.00ns)   --->   "%specbitsmap_ln0 = specbitsmap void @_ssdm_op_SpecBitsMap, i8 %a"   --->   Operation 14 'specbitsmap' 'specbitsmap_ln0' <Predicate = true> <Delay = 0.00>
ST_1 : Operation 15 [1/1] (0.00ns)   --->   "%specinterface_ln0 = specinterface void @_ssdm_op_SpecInterface, i8 %b, void @empty, i32 0, i32 0, void @empty_0, i32 4294967295, i32 0, void @empty_0, void @empty_0, void @empty_0, i32 0, i32 0, i32 0, i32 0, void @empty_0, void @empty_0, i32 4294967295, i32 0"   --->   Operation 15 'specinterface' 'specinterface_ln0' <Predicate = true> <Delay = 0.00>
ST_1 : Operation 16 [1/1] (0.00ns)   --->   "%specbitsmap_ln0 = specbitsmap void @_ssdm_op_SpecBitsMap, i8 %b"   --->   Operation 16 'specbitsmap' 'specbitsmap_ln0' <Predicate = true> <Delay = 0.00>
ST_1 : Operation 17 [1/1] (0.00ns)   --->   "%specinterface_ln0 = specinterface void @_ssdm_op_SpecInterface, i16 %res, void @empty, i32 0, i32 0, void @empty_0, i32 4294967295, i32 0, void @empty_0, void @empty_0, void @empty_0, i32 0, i32 0, i32 0, i32 0, void @empty_0, void @empty_0, i32 4294967295, i32 0"   --->   Operation 17 'specinterface' 'specinterface_ln0' <Predicate = true> <Delay = 0.00>
ST_1 : Operation 18 [1/1] (0.00ns)   --->   "%specbitsmap_ln0 = specbitsmap void @_ssdm_op_SpecBitsMap, i16 %res"   --->   Operation 18 'specbitsmap' 'specbitsmap_ln0' <Predicate = true> <Delay = 0.00>
ST_1 : Operation 19 [1/1] (0.46ns)   --->   "%store_ln55 = store i4 0, i4 %indvar_flatten" [../110061901_lab_a/Design_Optimization_Source_Code/lab1/matrixmul.cpp:55]   --->   Operation 19 'store' 'store_ln55' <Predicate = true> <Delay = 0.46>
ST_1 : Operation 20 [1/1] (0.46ns)   --->   "%store_ln55 = store i2 0, i2 %i" [../110061901_lab_a/Design_Optimization_Source_Code/lab1/matrixmul.cpp:55]   --->   Operation 20 'store' 'store_ln55' <Predicate = true> <Delay = 0.46>
ST_1 : Operation 21 [1/1] (0.46ns)   --->   "%store_ln55 = store i2 0, i2 %j" [../110061901_lab_a/Design_Optimization_Source_Code/lab1/matrixmul.cpp:55]   --->   Operation 21 'store' 'store_ln55' <Predicate = true> <Delay = 0.46>
ST_1 : Operation 22 [1/1] (0.00ns)   --->   "%br_ln55 = br void %for.inc" [../110061901_lab_a/Design_Optimization_Source_Code/lab1/matrixmul.cpp:55]   --->   Operation 22 'br' 'br_ln55' <Predicate = true> <Delay = 0.00>
ST_1 : Operation 23 [1/1] (0.00ns)   --->   "%i_1 = load i2 %i" [../110061901_lab_a/Design_Optimization_Source_Code/lab1/matrixmul.cpp:55]   --->   Operation 23 'load' 'i_1' <Predicate = true> <Delay = 0.00>
ST_1 : Operation 24 [1/1] (0.00ns)   --->   "%indvar_flatten_load = load i4 %indvar_flatten" [../110061901_lab_a/Design_Optimization_Source_Code/lab1/matrixmul.cpp:55]   --->   Operation 24 'load' 'indvar_flatten_load' <Predicate = true> <Delay = 0.00>
ST_1 : Operation 25 [1/1] (0.00ns)   --->   "%i_cast = zext i2 %i_1" [../110061901_lab_a/Design_Optimization_Source_Code/lab1/matrixmul.cpp:55]   --->   Operation 25 'zext' 'i_cast' <Predicate = true> <Delay = 0.00>
ST_1 : Operation 26 [1/1] (0.00ns)   --->   "%tmp = bitconcatenate i4 @_ssdm_op_BitConcatenate.i4.i2.i2, i2 %i_1, i2 0" [../110061901_lab_a/Design_Optimization_Source_Code/lab1/matrixmul.cpp:55]   --->   Operation 26 'bitconcatenate' 'tmp' <Predicate = true> <Delay = 0.00>
ST_1 : Operation 27 [1/1] (0.80ns)   --->   "%empty = sub i4 %tmp, i4 %i_cast" [../110061901_lab_a/Design_Optimization_Source_Code/lab1/matrixmul.cpp:55]   --->   Operation 27 'sub' 'empty' <Predicate = true> <Delay = 0.80> <CoreInst = "Adder">   --->   Core 1 'Adder' <Latency = 0> <II = 1> <Delay = 0.80> <FuncUnit> <Opcode : 'add' 'sub'> <InPorts = 2> <OutPorts = 1>
ST_1 : Operation 28 [1/1] (0.72ns)   --->   "%icmp_ln55 = icmp_eq  i4 %indvar_flatten_load, i4 9" [../110061901_lab_a/Design_Optimization_Source_Code/lab1/matrixmul.cpp:55]   --->   Operation 28 'icmp' 'icmp_ln55' <Predicate = true> <Delay = 0.72> <CoreInst = "Cmp">   --->   Core 9 'Cmp' <Latency = 0> <II = 1> <Delay = 0.72> <FuncUnit> <Opcode : 'icmp'> <InPorts = 2> <OutPorts = 1>
ST_1 : Operation 29 [1/1] (0.80ns)   --->   "%add_ln55_3 = add i4 %indvar_flatten_load, i4 1" [../110061901_lab_a/Design_Optimization_Source_Code/lab1/matrixmul.cpp:55]   --->   Operation 29 'add' 'add_ln55_3' <Predicate = true> <Delay = 0.80> <CoreInst = "Adder">   --->   Core 1 'Adder' <Latency = 0> <II = 1> <Delay = 0.80> <FuncUnit> <Opcode : 'add' 'sub'> <InPorts = 2> <OutPorts = 1>
ST_1 : Operation 30 [1/1] (0.00ns)   --->   "%br_ln55 = br i1 %icmp_ln55, void %for.inc29, void %for.end31" [../110061901_lab_a/Design_Optimization_Source_Code/lab1/matrixmul.cpp:55]   --->   Operation 30 'br' 'br_ln55' <Predicate = true> <Delay = 0.00>
ST_1 : Operation 31 [1/1] (0.00ns)   --->   "%j_load = load i2 %j" [../110061901_lab_a/Design_Optimization_Source_Code/lab1/matrixmul.cpp:57]   --->   Operation 31 'load' 'j_load' <Predicate = (!icmp_ln55)> <Delay = 0.00>
ST_1 : Operation 32 [1/1] (0.62ns)   --->   "%add_ln55 = add i2 %i_1, i2 1" [../110061901_lab_a/Design_Optimization_Source_Code/lab1/matrixmul.cpp:55]   --->   Operation 32 'add' 'add_ln55' <Predicate = (!icmp_ln55)> <Delay = 0.62> <CoreInst = "Adder">   --->   Core 1 'Adder' <Latency = 0> <II = 1> <Delay = 0.62> <FuncUnit> <Opcode : 'add' 'sub'> <InPorts = 2> <OutPorts = 1>
ST_1 : Operation 33 [1/1] (0.39ns)   --->   "%icmp_ln57 = icmp_eq  i2 %j_load, i2 3" [../110061901_lab_a/Design_Optimization_Source_Code/lab1/matrixmul.cpp:57]   --->   Operation 33 'icmp' 'icmp_ln57' <Predicate = (!icmp_ln55)> <Delay = 0.39> <CoreInst = "Cmp">   --->   Core 9 'Cmp' <Latency = 0> <II = 1> <Delay = 0.39> <FuncUnit> <Opcode : 'icmp'> <InPorts = 2> <OutPorts = 1>
ST_1 : Operation 34 [1/1] (0.34ns)   --->   "%select_ln55 = select i1 %icmp_ln57, i2 0, i2 %j_load" [../110061901_lab_a/Design_Optimization_Source_Code/lab1/matrixmul.cpp:55]   --->   Operation 34 'select' 'select_ln55' <Predicate = (!icmp_ln55)> <Delay = 0.34> <CoreInst = "Sel">   --->   Core 73 'Sel' <Latency = 0> <II = 1> <Delay = 0.34> <FuncUnit> <Opcode : 'select'> <InPorts = 3> <OutPorts = 1>
ST_1 : Operation 35 [1/1] (0.00ns)   --->   "%add_ln55_cast = zext i2 %add_ln55" [../110061901_lab_a/Design_Optimization_Source_Code/lab1/matrixmul.cpp:55]   --->   Operation 35 'zext' 'add_ln55_cast' <Predicate = (!icmp_ln55)> <Delay = 0.00>
ST_1 : Operation 36 [1/1] (0.00ns)   --->   "%tmp_1 = bitconcatenate i4 @_ssdm_op_BitConcatenate.i4.i2.i2, i2 %add_ln55, i2 0" [../110061901_lab_a/Design_Optimization_Source_Code/lab1/matrixmul.cpp:55]   --->   Operation 36 'bitconcatenate' 'tmp_1' <Predicate = (!icmp_ln55)> <Delay = 0.00>
ST_1 : Operation 37 [1/1] (0.80ns)   --->   "%empty_7 = sub i4 %tmp_1, i4 %add_ln55_cast" [../110061901_lab_a/Design_Optimization_Source_Code/lab1/matrixmul.cpp:55]   --->   Operation 37 'sub' 'empty_7' <Predicate = (!icmp_ln55)> <Delay = 0.80> <CoreInst = "Adder">   --->   Core 1 'Adder' <Latency = 0> <II = 1> <Delay = 0.80> <FuncUnit> <Opcode : 'add' 'sub'> <InPorts = 2> <OutPorts = 1>
ST_1 : Operation 38 [1/1] (0.34ns)   --->   "%select_ln55_1 = select i1 %icmp_ln57, i2 %add_ln55, i2 %i_1" [../110061901_lab_a/Design_Optimization_Source_Code/lab1/matrixmul.cpp:55]   --->   Operation 38 'select' 'select_ln55_1' <Predicate = (!icmp_ln55)> <Delay = 0.34> <CoreInst = "Sel">   --->   Core 73 'Sel' <Latency = 0> <II = 1> <Delay = 0.34> <FuncUnit> <Opcode : 'select'> <InPorts = 3> <OutPorts = 1>
ST_1 : Operation 39 [1/1] (0.00ns)   --->   "%zext_ln62 = zext i2 %select_ln55_1" [../110061901_lab_a/Design_Optimization_Source_Code/lab1/matrixmul.cpp:62]   --->   Operation 39 'zext' 'zext_ln62' <Predicate = (!icmp_ln55)> <Delay = 0.00>
ST_1 : Operation 40 [1/1] (0.00ns)   --->   "%p_shl3 = bitconcatenate i4 @_ssdm_op_BitConcatenate.i4.i2.i2, i2 %select_ln55_1, i2 0" [../110061901_lab_a/Design_Optimization_Source_Code/lab1/matrixmul.cpp:62]   --->   Operation 40 'bitconcatenate' 'p_shl3' <Predicate = (!icmp_ln55)> <Delay = 0.00>
ST_1 : Operation 41 [1/1] (0.00ns) (grouped into TernaryAdder)   --->   "%sub_ln62 = sub i4 %p_shl3, i4 %zext_ln62" [../110061901_lab_a/Design_Optimization_Source_Code/lab1/matrixmul.cpp:62]   --->   Operation 41 'sub' 'sub_ln62' <Predicate = (!icmp_ln55)> <Delay = 0.00> <CoreInst = "TAddSub">   --->   Core 10 'TAddSub' <Latency = 0> <II = 1> <Delay = 0.23> <IPBlock> <Opcode : 'add' 'sub'> <InPorts = 3> <OutPorts = 1> <Sync> <CReg>
ST_1 : Operation 42 [1/1] (0.18ns)   --->   "%select_ln55_2 = select i1 %icmp_ln57, i4 %empty_7, i4 %empty" [../110061901_lab_a/Design_Optimization_Source_Code/lab1/matrixmul.cpp:55]   --->   Operation 42 'select' 'select_ln55_2' <Predicate = (!icmp_ln55)> <Delay = 0.18> <CoreInst = "Sel">   --->   Core 73 'Sel' <Latency = 0> <II = 1> <Delay = 0.18> <FuncUnit> <Opcode : 'select'> <InPorts = 3> <OutPorts = 1>
ST_1 : Operation 43 [1/1] (0.80ns)   --->   "%add_ln55_1 = add i4 %select_ln55_2, i4 1" [../110061901_lab_a/Design_Optimization_Source_Code/lab1/matrixmul.cpp:55]   --->   Operation 43 'add' 'add_ln55_1' <Predicate = (!icmp_ln55)> <Delay = 0.80> <CoreInst = "Adder">   --->   Core 1 'Adder' <Latency = 0> <II = 1> <Delay = 0.80> <FuncUnit> <Opcode : 'add' 'sub'> <InPorts = 2> <OutPorts = 1>
ST_1 : Operation 44 [1/1] (0.00ns)   --->   "%add_ln55_1_cast = zext i4 %add_ln55_1" [../110061901_lab_a/Design_Optimization_Source_Code/lab1/matrixmul.cpp:55]   --->   Operation 44 'zext' 'add_ln55_1_cast' <Predicate = (!icmp_ln55)> <Delay = 0.00>
ST_1 : Operation 45 [1/1] (0.00ns)   --->   "%a_addr_1 = getelementptr i8 %a, i64 0, i64 %add_ln55_1_cast" [../110061901_lab_a/Design_Optimization_Source_Code/lab1/matrixmul.cpp:55]   --->   Operation 45 'getelementptr' 'a_addr_1' <Predicate = (!icmp_ln55)> <Delay = 0.00>
ST_1 : Operation 46 [2/2] (0.73ns)   --->   "%a_load_1 = load i4 %a_addr_1" [../110061901_lab_a/Design_Optimization_Source_Code/lab1/matrixmul.cpp:55]   --->   Operation 46 'load' 'a_load_1' <Predicate = (!icmp_ln55)> <Delay = 0.73> <CoreInst = "RAM">   --->   Core 83 'RAM' <Latency = 1> <II = 1> <Delay = 0.73> <Storage> <Opcode : 'load' 'store'> <Ports = 2> <Width = 8> <Depth = 9> <RAM>
ST_1 : Operation 47 [1/1] (0.80ns)   --->   "%add_ln55_2 = add i4 %select_ln55_2, i4 2" [../110061901_lab_a/Design_Optimization_Source_Code/lab1/matrixmul.cpp:55]   --->   Operation 47 'add' 'add_ln55_2' <Predicate = (!icmp_ln55)> <Delay = 0.80> <CoreInst = "Adder">   --->   Core 1 'Adder' <Latency = 0> <II = 1> <Delay = 0.80> <FuncUnit> <Opcode : 'add' 'sub'> <InPorts = 2> <OutPorts = 1>
ST_1 : Operation 48 [1/1] (0.00ns)   --->   "%add_ln55_2_cast = zext i4 %add_ln55_2" [../110061901_lab_a/Design_Optimization_Source_Code/lab1/matrixmul.cpp:55]   --->   Operation 48 'zext' 'add_ln55_2_cast' <Predicate = (!icmp_ln55)> <Delay = 0.00>
ST_1 : Operation 49 [1/1] (0.00ns)   --->   "%a_addr_2 = getelementptr i8 %a, i64 0, i64 %add_ln55_2_cast" [../110061901_lab_a/Design_Optimization_Source_Code/lab1/matrixmul.cpp:55]   --->   Operation 49 'getelementptr' 'a_addr_2' <Predicate = (!icmp_ln55)> <Delay = 0.00>
ST_1 : Operation 50 [2/2] (0.73ns)   --->   "%a_load_2 = load i4 %a_addr_2" [../110061901_lab_a/Design_Optimization_Source_Code/lab1/matrixmul.cpp:55]   --->   Operation 50 'load' 'a_load_2' <Predicate = (!icmp_ln55)> <Delay = 0.73> <CoreInst = "RAM">   --->   Core 83 'RAM' <Latency = 1> <II = 1> <Delay = 0.73> <Storage> <Opcode : 'load' 'store'> <Ports = 2> <Width = 8> <Depth = 9> <RAM>
ST_1 : Operation 51 [1/1] (0.00ns)   --->   "%zext_ln62_1 = zext i2 %select_ln55" [../110061901_lab_a/Design_Optimization_Source_Code/lab1/matrixmul.cpp:62]   --->   Operation 51 'zext' 'zext_ln62_1' <Predicate = (!icmp_ln55)> <Delay = 0.00>
ST_1 : Operation 52 [1/1] (0.00ns)   --->   "%zext_ln62_2 = zext i2 %select_ln55" [../110061901_lab_a/Design_Optimization_Source_Code/lab1/matrixmul.cpp:62]   --->   Operation 52 'zext' 'zext_ln62_2' <Predicate = (!icmp_ln55)> <Delay = 0.00>
ST_1 : Operation 53 [1/1] (0.71ns)   --->   "%add_ln62_3 = add i3 %zext_ln62_2, i3 3" [../110061901_lab_a/Design_Optimization_Source_Code/lab1/matrixmul.cpp:62]   --->   Operation 53 'add' 'add_ln62_3' <Predicate = (!icmp_ln55)> <Delay = 0.71> <CoreInst = "Adder">   --->   Core 1 'Adder' <Latency = 0> <II = 1> <Delay = 0.71> <FuncUnit> <Opcode : 'add' 'sub'> <InPorts = 2> <OutPorts = 1>
ST_1 : Operation 54 [1/1] (0.00ns)   --->   "%zext_ln62_3 = zext i3 %add_ln62_3" [../110061901_lab_a/Design_Optimization_Source_Code/lab1/matrixmul.cpp:62]   --->   Operation 54 'zext' 'zext_ln62_3' <Predicate = (!icmp_ln55)> <Delay = 0.00>
ST_1 : Operation 55 [1/1] (0.00ns)   --->   "%b_addr_1 = getelementptr i8 %b, i64 0, i64 %zext_ln62_3" [../110061901_lab_a/Design_Optimization_Source_Code/lab1/matrixmul.cpp:62]   --->   Operation 55 'getelementptr' 'b_addr_1' <Predicate = (!icmp_ln55)> <Delay = 0.00>
ST_1 : Operation 56 [1/1] (0.80ns)   --->   "%add_ln62_4 = add i4 %zext_ln62_1, i4 6" [../110061901_lab_a/Design_Optimization_Source_Code/lab1/matrixmul.cpp:62]   --->   Operation 56 'add' 'add_ln62_4' <Predicate = (!icmp_ln55)> <Delay = 0.80> <CoreInst = "Adder">   --->   Core 1 'Adder' <Latency = 0> <II = 1> <Delay = 0.80> <FuncUnit> <Opcode : 'add' 'sub'> <InPorts = 2> <OutPorts = 1>
ST_1 : Operation 57 [1/1] (0.00ns)   --->   "%zext_ln62_4 = zext i4 %add_ln62_4" [../110061901_lab_a/Design_Optimization_Source_Code/lab1/matrixmul.cpp:62]   --->   Operation 57 'zext' 'zext_ln62_4' <Predicate = (!icmp_ln55)> <Delay = 0.00>
ST_1 : Operation 58 [1/1] (0.00ns)   --->   "%b_addr_2 = getelementptr i8 %b, i64 0, i64 %zext_ln62_4" [../110061901_lab_a/Design_Optimization_Source_Code/lab1/matrixmul.cpp:62]   --->   Operation 58 'getelementptr' 'b_addr_2' <Predicate = (!icmp_ln55)> <Delay = 0.00>
ST_1 : Operation 59 [1/1] (0.46ns) (root node of TernaryAdder)   --->   "%add_ln62_5 = add i4 %sub_ln62, i4 %zext_ln62_1" [../110061901_lab_a/Design_Optimization_Source_Code/lab1/matrixmul.cpp:62]   --->   Operation 59 'add' 'add_ln62_5' <Predicate = (!icmp_ln55)> <Delay = 0.46> <CoreInst = "TAddSub">   --->   Core 10 'TAddSub' <Latency = 0> <II = 1> <Delay = 0.23> <IPBlock> <Opcode : 'add' 'sub'> <InPorts = 3> <OutPorts = 1> <Sync> <CReg>
ST_1 : Operation 60 [2/2] (0.73ns)   --->   "%b_load_1 = load i4 %b_addr_1" [../110061901_lab_a/Design_Optimization_Source_Code/lab1/matrixmul.cpp:62]   --->   Operation 60 'load' 'b_load_1' <Predicate = (!icmp_ln55)> <Delay = 0.73> <CoreInst = "RAM">   --->   Core 83 'RAM' <Latency = 1> <II = 1> <Delay = 0.73> <Storage> <Opcode : 'load' 'store'> <Ports = 2> <Width = 8> <Depth = 9> <RAM>
ST_1 : Operation 61 [2/2] (0.73ns)   --->   "%b_load_2 = load i4 %b_addr_2" [../110061901_lab_a/Design_Optimization_Source_Code/lab1/matrixmul.cpp:62]   --->   Operation 61 'load' 'b_load_2' <Predicate = (!icmp_ln55)> <Delay = 0.73> <CoreInst = "RAM">   --->   Core 83 'RAM' <Latency = 1> <II = 1> <Delay = 0.73> <Storage> <Opcode : 'load' 'store'> <Ports = 2> <Width = 8> <Depth = 9> <RAM>
ST_1 : Operation 62 [1/1] (0.62ns)   --->   "%add_ln57 = add i2 %select_ln55, i2 1" [../110061901_lab_a/Design_Optimization_Source_Code/lab1/matrixmul.cpp:57]   --->   Operation 62 'add' 'add_ln57' <Predicate = (!icmp_ln55)> <Delay = 0.62> <CoreInst = "Adder">   --->   Core 1 'Adder' <Latency = 0> <II = 1> <Delay = 0.62> <FuncUnit> <Opcode : 'add' 'sub'> <InPorts = 2> <OutPorts = 1>
ST_1 : Operation 63 [1/1] (0.46ns)   --->   "%store_ln57 = store i4 %add_ln55_3, i4 %indvar_flatten" [../110061901_lab_a/Design_Optimization_Source_Code/lab1/matrixmul.cpp:57]   --->   Operation 63 'store' 'store_ln57' <Predicate = (!icmp_ln55)> <Delay = 0.46>
ST_1 : Operation 64 [1/1] (0.46ns)   --->   "%store_ln57 = store i2 %select_ln55_1, i2 %i" [../110061901_lab_a/Design_Optimization_Source_Code/lab1/matrixmul.cpp:57]   --->   Operation 64 'store' 'store_ln57' <Predicate = (!icmp_ln55)> <Delay = 0.46>
ST_1 : Operation 65 [1/1] (0.46ns)   --->   "%store_ln57 = store i2 %add_ln57, i2 %j" [../110061901_lab_a/Design_Optimization_Source_Code/lab1/matrixmul.cpp:57]   --->   Operation 65 'store' 'store_ln57' <Predicate = (!icmp_ln55)> <Delay = 0.46>

State 2 <SV = 1> <Delay = 1.81>
ST_2 : Operation 66 [1/1] (0.00ns)   --->   "%select_ln55_2_cast = zext i4 %select_ln55_2" [../110061901_lab_a/Design_Optimization_Source_Code/lab1/matrixmul.cpp:55]   --->   Operation 66 'zext' 'select_ln55_2_cast' <Predicate = (!icmp_ln55)> <Delay = 0.00>
ST_2 : Operation 67 [1/1] (0.00ns)   --->   "%a_addr = getelementptr i8 %a, i64 0, i64 %select_ln55_2_cast" [../110061901_lab_a/Design_Optimization_Source_Code/lab1/matrixmul.cpp:55]   --->   Operation 67 'getelementptr' 'a_addr' <Predicate = (!icmp_ln55)> <Delay = 0.00>
ST_2 : Operation 68 [2/2] (0.73ns)   --->   "%a_load = load i4 %a_addr" [../110061901_lab_a/Design_Optimization_Source_Code/lab1/matrixmul.cpp:55]   --->   Operation 68 'load' 'a_load' <Predicate = (!icmp_ln55)> <Delay = 0.73> <CoreInst = "RAM">   --->   Core 83 'RAM' <Latency = 1> <II = 1> <Delay = 0.73> <Storage> <Opcode : 'load' 'store'> <Ports = 2> <Width = 8> <Depth = 9> <RAM>
ST_2 : Operation 69 [1/2] (0.73ns)   --->   "%a_load_1 = load i4 %a_addr_1" [../110061901_lab_a/Design_Optimization_Source_Code/lab1/matrixmul.cpp:55]   --->   Operation 69 'load' 'a_load_1' <Predicate = (!icmp_ln55)> <Delay = 0.73> <CoreInst = "RAM">   --->   Core 83 'RAM' <Latency = 1> <II = 1> <Delay = 0.73> <Storage> <Opcode : 'load' 'store'> <Ports = 2> <Width = 8> <Depth = 9> <RAM>
ST_2 : Operation 70 [1/1] (0.00ns)   --->   "%sext_ln55_1 = sext i8 %a_load_1" [../110061901_lab_a/Design_Optimization_Source_Code/lab1/matrixmul.cpp:55]   --->   Operation 70 'sext' 'sext_ln55_1' <Predicate = (!icmp_ln55)> <Delay = 0.00>
ST_2 : Operation 71 [1/2] (0.73ns)   --->   "%a_load_2 = load i4 %a_addr_2" [../110061901_lab_a/Design_Optimization_Source_Code/lab1/matrixmul.cpp:55]   --->   Operation 71 'load' 'a_load_2' <Predicate = (!icmp_ln55)> <Delay = 0.73> <CoreInst = "RAM">   --->   Core 83 'RAM' <Latency = 1> <II = 1> <Delay = 0.73> <Storage> <Opcode : 'load' 'store'> <Ports = 2> <Width = 8> <Depth = 9> <RAM>
ST_2 : Operation 72 [1/1] (0.00ns)   --->   "%zext_ln57 = zext i2 %select_ln55" [../110061901_lab_a/Design_Optimization_Source_Code/lab1/matrixmul.cpp:57]   --->   Operation 72 'zext' 'zext_ln57' <Predicate = (!icmp_ln55)> <Delay = 0.00>
ST_2 : Operation 73 [1/1] (0.00ns)   --->   "%b_addr = getelementptr i8 %b, i64 0, i64 %zext_ln57" [../110061901_lab_a/Design_Optimization_Source_Code/lab1/matrixmul.cpp:62]   --->   Operation 73 'getelementptr' 'b_addr' <Predicate = (!icmp_ln55)> <Delay = 0.00>
ST_2 : Operation 74 [2/2] (0.73ns)   --->   "%b_load = load i4 %b_addr" [../110061901_lab_a/Design_Optimization_Source_Code/lab1/matrixmul.cpp:62]   --->   Operation 74 'load' 'b_load' <Predicate = (!icmp_ln55)> <Delay = 0.73> <CoreInst = "RAM">   --->   Core 83 'RAM' <Latency = 1> <II = 1> <Delay = 0.73> <Storage> <Opcode : 'load' 'store'> <Ports = 2> <Width = 8> <Depth = 9> <RAM>
ST_2 : Operation 75 [1/2] (0.73ns)   --->   "%b_load_1 = load i4 %b_addr_1" [../110061901_lab_a/Design_Optimization_Source_Code/lab1/matrixmul.cpp:62]   --->   Operation 75 'load' 'b_load_1' <Predicate = (!icmp_ln55)> <Delay = 0.73> <CoreInst = "RAM">   --->   Core 83 'RAM' <Latency = 1> <II = 1> <Delay = 0.73> <Storage> <Opcode : 'load' 'store'> <Ports = 2> <Width = 8> <Depth = 9> <RAM>
ST_2 : Operation 76 [1/1] (0.00ns)   --->   "%sext_ln62_1 = sext i8 %b_load_1" [../110061901_lab_a/Design_Optimization_Source_Code/lab1/matrixmul.cpp:62]   --->   Operation 76 'sext' 'sext_ln62_1' <Predicate = (!icmp_ln55)> <Delay = 0.00>
ST_2 : Operation 77 [3/3] (1.08ns) (grouped into DSP with root node add_ln62)   --->   "%mul_ln62_1 = mul i16 %sext_ln62_1, i16 %sext_ln55_1" [../110061901_lab_a/Design_Optimization_Source_Code/lab1/matrixmul.cpp:62]   --->   Operation 77 'mul' 'mul_ln62_1' <Predicate = (!icmp_ln55)> <Delay = 1.08> <CoreInst = "DSP48">   --->   Core 127 'DSP48' <Latency = 3> <II = 1> <Delay = 0.69> <IPBlock> <Opcode : 'mul' 'add' 'sub' 'select'> <InPorts = 0> <OutPorts = 1> <Sync> <CReg>
ST_2 : Operation 78 [1/2] (0.73ns)   --->   "%b_load_2 = load i4 %b_addr_2" [../110061901_lab_a/Design_Optimization_Source_Code/lab1/matrixmul.cpp:62]   --->   Operation 78 'load' 'b_load_2' <Predicate = (!icmp_ln55)> <Delay = 0.73> <CoreInst = "RAM">   --->   Core 83 'RAM' <Latency = 1> <II = 1> <Delay = 0.73> <Storage> <Opcode : 'load' 'store'> <Ports = 2> <Width = 8> <Depth = 9> <RAM>

State 3 <SV = 2> <Delay = 1.08>
ST_3 : Operation 79 [1/2] (0.73ns)   --->   "%a_load = load i4 %a_addr" [../110061901_lab_a/Design_Optimization_Source_Code/lab1/matrixmul.cpp:55]   --->   Operation 79 'load' 'a_load' <Predicate = true> <Delay = 0.73> <CoreInst = "RAM">   --->   Core 83 'RAM' <Latency = 1> <II = 1> <Delay = 0.73> <Storage> <Opcode : 'load' 'store'> <Ports = 2> <Width = 8> <Depth = 9> <RAM>
ST_3 : Operation 80 [1/1] (0.00ns)   --->   "%sext_ln55_2 = sext i8 %a_load_2" [../110061901_lab_a/Design_Optimization_Source_Code/lab1/matrixmul.cpp:55]   --->   Operation 80 'sext' 'sext_ln55_2' <Predicate = true> <Delay = 0.00>
ST_3 : Operation 81 [1/2] (0.73ns)   --->   "%b_load = load i4 %b_addr" [../110061901_lab_a/Design_Optimization_Source_Code/lab1/matrixmul.cpp:62]   --->   Operation 81 'load' 'b_load' <Predicate = true> <Delay = 0.73> <CoreInst = "RAM">   --->   Core 83 'RAM' <Latency = 1> <II = 1> <Delay = 0.73> <Storage> <Opcode : 'load' 'store'> <Ports = 2> <Width = 8> <Depth = 9> <RAM>
ST_3 : Operation 82 [2/3] (1.08ns) (grouped into DSP with root node add_ln62)   --->   "%mul_ln62_1 = mul i16 %sext_ln62_1, i16 %sext_ln55_1" [../110061901_lab_a/Design_Optimization_Source_Code/lab1/matrixmul.cpp:62]   --->   Operation 82 'mul' 'mul_ln62_1' <Predicate = true> <Delay = 1.08> <CoreInst = "DSP48">   --->   Core 127 'DSP48' <Latency = 3> <II = 1> <Delay = 0.69> <IPBlock> <Opcode : 'mul' 'add' 'sub' 'select'> <InPorts = 0> <OutPorts = 1> <Sync> <CReg>
ST_3 : Operation 83 [1/1] (0.00ns)   --->   "%sext_ln62_2 = sext i8 %b_load_2" [../110061901_lab_a/Design_Optimization_Source_Code/lab1/matrixmul.cpp:62]   --->   Operation 83 'sext' 'sext_ln62_2' <Predicate = true> <Delay = 0.00>
ST_3 : Operation 84 [3/3] (1.08ns) (grouped into DSP with root node add_ln62_1)   --->   "%mul_ln62_2 = mul i16 %sext_ln62_2, i16 %sext_ln55_2" [../110061901_lab_a/Design_Optimization_Source_Code/lab1/matrixmul.cpp:62]   --->   Operation 84 'mul' 'mul_ln62_2' <Predicate = true> <Delay = 1.08> <CoreInst = "DSP48">   --->   Core 127 'DSP48' <Latency = 3> <II = 1> <Delay = 0.69> <IPBlock> <Opcode : 'mul' 'add' 'sub' 'select'> <InPorts = 0> <OutPorts = 1> <Sync> <CReg>

State 4 <SV = 3> <Delay = 2.52>
ST_4 : Operation 85 [1/1] (0.00ns)   --->   "%sext_ln55 = sext i8 %a_load" [../110061901_lab_a/Design_Optimization_Source_Code/lab1/matrixmul.cpp:55]   --->   Operation 85 'sext' 'sext_ln55' <Predicate = true> <Delay = 0.00>
ST_4 : Operation 86 [1/1] (0.00ns)   --->   "%sext_ln62 = sext i8 %b_load" [../110061901_lab_a/Design_Optimization_Source_Code/lab1/matrixmul.cpp:62]   --->   Operation 86 'sext' 'sext_ln62' <Predicate = true> <Delay = 0.00>
ST_4 : Operation 87 [1/1] (1.69ns)   --->   "%mul_ln62 = mul i16 %sext_ln62, i16 %sext_ln55" [../110061901_lab_a/Design_Optimization_Source_Code/lab1/matrixmul.cpp:62]   --->   Operation 87 'mul' 'mul_ln62' <Predicate = true> <Delay = 1.69> <CoreInst = "Multiplier">   --->   Core 3 'Multiplier' <Latency = 0> <II = 1> <Delay = 1.69> <FuncUnit> <Opcode : 'mul'> <InPorts = 2> <OutPorts = 1>
ST_4 : Operation 88 [1/3] (0.00ns) (grouped into DSP with root node add_ln62)   --->   "%mul_ln62_1 = mul i16 %sext_ln62_1, i16 %sext_ln55_1" [../110061901_lab_a/Design_Optimization_Source_Code/lab1/matrixmul.cpp:62]   --->   Operation 88 'mul' 'mul_ln62_1' <Predicate = true> <Delay = 0.00> <CoreInst = "DSP48">   --->   Core 127 'DSP48' <Latency = 3> <II = 1> <Delay = 0.69> <IPBlock> <Opcode : 'mul' 'add' 'sub' 'select'> <InPorts = 0> <OutPorts = 1> <Sync> <CReg>
ST_4 : Operation 89 [2/3] (1.08ns) (grouped into DSP with root node add_ln62_1)   --->   "%mul_ln62_2 = mul i16 %sext_ln62_2, i16 %sext_ln55_2" [../110061901_lab_a/Design_Optimization_Source_Code/lab1/matrixmul.cpp:62]   --->   Operation 89 'mul' 'mul_ln62_2' <Predicate = true> <Delay = 1.08> <CoreInst = "DSP48">   --->   Core 127 'DSP48' <Latency = 3> <II = 1> <Delay = 0.69> <IPBlock> <Opcode : 'mul' 'add' 'sub' 'select'> <InPorts = 0> <OutPorts = 1> <Sync> <CReg>
ST_4 : Operation 90 [2/2] (0.83ns) (root node of the DSP)   --->   "%add_ln62 = add i16 %mul_ln62, i16 %mul_ln62_1" [../110061901_lab_a/Design_Optimization_Source_Code/lab1/matrixmul.cpp:62]   --->   Operation 90 'add' 'add_ln62' <Predicate = true> <Delay = 0.83> <CoreInst = "DSP48">   --->   Core 127 'DSP48' <Latency = 3> <II = 1> <Delay = 0.69> <IPBlock> <Opcode : 'mul' 'add' 'sub' 'select'> <InPorts = 0> <OutPorts = 1> <Sync> <CReg>
ST_4 : Operation 104 [1/1] (0.00ns)   --->   "%ret_ln68 = ret" [../110061901_lab_a/Design_Optimization_Source_Code/lab1/matrixmul.cpp:68]   --->   Operation 104 'ret' 'ret_ln68' <Predicate = (icmp_ln55)> <Delay = 0.00>

State 5 <SV = 4> <Delay = 0.83>
ST_5 : Operation 91 [1/3] (0.00ns) (grouped into DSP with root node add_ln62_1)   --->   "%mul_ln62_2 = mul i16 %sext_ln62_2, i16 %sext_ln55_2" [../110061901_lab_a/Design_Optimization_Source_Code/lab1/matrixmul.cpp:62]   --->   Operation 91 'mul' 'mul_ln62_2' <Predicate = true> <Delay = 0.00> <CoreInst = "DSP48">   --->   Core 127 'DSP48' <Latency = 3> <II = 1> <Delay = 0.69> <IPBlock> <Opcode : 'mul' 'add' 'sub' 'select'> <InPorts = 0> <OutPorts = 1> <Sync> <CReg>
ST_5 : Operation 92 [1/2] (0.83ns) (root node of the DSP)   --->   "%add_ln62 = add i16 %mul_ln62, i16 %mul_ln62_1" [../110061901_lab_a/Design_Optimization_Source_Code/lab1/matrixmul.cpp:62]   --->   Operation 92 'add' 'add_ln62' <Predicate = true> <Delay = 0.83> <CoreInst = "DSP48">   --->   Core 127 'DSP48' <Latency = 3> <II = 1> <Delay = 0.69> <IPBlock> <Opcode : 'mul' 'add' 'sub' 'select'> <InPorts = 0> <OutPorts = 1> <Sync> <CReg>
ST_5 : Operation 93 [2/2] (0.83ns) (root node of the DSP)   --->   "%add_ln62_1 = add i16 %mul_ln62_2, i16 3" [../110061901_lab_a/Design_Optimization_Source_Code/lab1/matrixmul.cpp:62]   --->   Operation 93 'add' 'add_ln62_1' <Predicate = true> <Delay = 0.83> <CoreInst = "DSP48">   --->   Core 127 'DSP48' <Latency = 3> <II = 1> <Delay = 0.69> <IPBlock> <Opcode : 'mul' 'add' 'sub' 'select'> <InPorts = 0> <OutPorts = 1> <Sync> <CReg>

State 6 <SV = 5> <Delay = 2.68>
ST_6 : Operation 94 [1/1] (0.00ns)   --->   "%specloopname_ln0 = specloopname void @_ssdm_op_SpecLoopName, void @Row_Col_str"   --->   Operation 94 'specloopname' 'specloopname_ln0' <Predicate = true> <Delay = 0.00>
ST_6 : Operation 95 [1/1] (0.00ns)   --->   "%empty_6 = speclooptripcount i32 @_ssdm_op_SpecLoopTripCount, i64 9, i64 9, i64 9"   --->   Operation 95 'speclooptripcount' 'empty_6' <Predicate = true> <Delay = 0.00>
ST_6 : Operation 96 [1/1] (0.00ns)   --->   "%zext_ln62_5 = zext i4 %add_ln62_5" [../110061901_lab_a/Design_Optimization_Source_Code/lab1/matrixmul.cpp:62]   --->   Operation 96 'zext' 'zext_ln62_5' <Predicate = true> <Delay = 0.00>
ST_6 : Operation 97 [1/1] (0.00ns)   --->   "%res_addr = getelementptr i16 %res, i64 0, i64 %zext_ln62_5" [../110061901_lab_a/Design_Optimization_Source_Code/lab1/matrixmul.cpp:62]   --->   Operation 97 'getelementptr' 'res_addr' <Predicate = true> <Delay = 0.00>
ST_6 : Operation 98 [1/1] (0.00ns)   --->   "%specpipeline_ln7 = specpipeline void @_ssdm_op_SpecPipeline, i32 4294967295, i32 0, i32 0, i32 0, void @empty_0" [C:/Users/ShaneWu/OneDrive/Desktop/Documents/NTU/HLS/labA/hls_matrixmul_prj/solution3/directives.tcl:7]   --->   Operation 98 'specpipeline' 'specpipeline_ln7' <Predicate = true> <Delay = 0.00>
ST_6 : Operation 99 [1/1] (0.00ns)   --->   "%specloopname_ln57 = specloopname void @_ssdm_op_SpecLoopName, void @empty_2" [../110061901_lab_a/Design_Optimization_Source_Code/lab1/matrixmul.cpp:57]   --->   Operation 99 'specloopname' 'specloopname_ln57' <Predicate = true> <Delay = 0.00>
ST_6 : Operation 100 [1/2] (0.83ns) (root node of the DSP)   --->   "%add_ln62_1 = add i16 %mul_ln62_2, i16 3" [../110061901_lab_a/Design_Optimization_Source_Code/lab1/matrixmul.cpp:62]   --->   Operation 100 'add' 'add_ln62_1' <Predicate = true> <Delay = 0.83> <CoreInst = "DSP48">   --->   Core 127 'DSP48' <Latency = 3> <II = 1> <Delay = 0.69> <IPBlock> <Opcode : 'mul' 'add' 'sub' 'select'> <InPorts = 0> <OutPorts = 1> <Sync> <CReg>
ST_6 : Operation 101 [1/1] (1.12ns)   --->   "%add_ln62_2 = add i16 %add_ln62_1, i16 %add_ln62" [../110061901_lab_a/Design_Optimization_Source_Code/lab1/matrixmul.cpp:62]   --->   Operation 101 'add' 'add_ln62_2' <Predicate = true> <Delay = 1.12> <CoreInst = "Adder">   --->   Core 1 'Adder' <Latency = 0> <II = 1> <Delay = 1.12> <FuncUnit> <Opcode : 'add' 'sub'> <InPorts = 2> <OutPorts = 1>
ST_6 : Operation 102 [1/1] (0.73ns)   --->   "%store_ln62 = store i16 %add_ln62_2, i4 %res_addr" [../110061901_lab_a/Design_Optimization_Source_Code/lab1/matrixmul.cpp:62]   --->   Operation 102 'store' 'store_ln62' <Predicate = true> <Delay = 0.73> <CoreInst = "RAM">   --->   Core 83 'RAM' <Latency = 1> <II = 1> <Delay = 0.73> <Storage> <Opcode : 'load' 'store'> <Ports = 2> <Width = 16> <Depth = 9> <RAM>
ST_6 : Operation 103 [1/1] (0.00ns)   --->   "%br_ln57 = br void %for.inc" [../110061901_lab_a/Design_Optimization_Source_Code/lab1/matrixmul.cpp:57]   --->   Operation 103 'br' 'br_ln57' <Predicate = true> <Delay = 0.00>


============================================================
+ Verbose Summary: Timing violations
============================================================
Target clock period: 10ns, clock uncertainty: 2.7ns.

 <State 1>: 3.16ns
The critical path consists of the following:
	'alloca' operation ('i') [5]  (0 ns)
	'load' operation ('i', ../110061901_lab_a/Design_Optimization_Source_Code/lab1/matrixmul.cpp:55) on local variable 'i' [19]  (0 ns)
	'add' operation ('add_ln55', ../110061901_lab_a/Design_Optimization_Source_Code/lab1/matrixmul.cpp:55) [29]  (0.621 ns)
	'sub' operation ('empty_7', ../110061901_lab_a/Design_Optimization_Source_Code/lab1/matrixmul.cpp:55) [36]  (0.809 ns)
	'select' operation ('select_ln55_2', ../110061901_lab_a/Design_Optimization_Source_Code/lab1/matrixmul.cpp:55) [41]  (0.187 ns)
	'add' operation ('add_ln55_1', ../110061901_lab_a/Design_Optimization_Source_Code/lab1/matrixmul.cpp:55) [46]  (0.809 ns)
	'getelementptr' operation ('a_addr_1', ../110061901_lab_a/Design_Optimization_Source_Code/lab1/matrixmul.cpp:55) [48]  (0 ns)
	'load' operation ('a_load_1', ../110061901_lab_a/Design_Optimization_Source_Code/lab1/matrixmul.cpp:55) on array 'a' [49]  (0.73 ns)

 <State 2>: 1.82ns
The critical path consists of the following:
	'load' operation ('a_load_1', ../110061901_lab_a/Design_Optimization_Source_Code/lab1/matrixmul.cpp:55) on array 'a' [49]  (0.73 ns)
	'mul' operation of DSP[80] ('mul_ln62_1', ../110061901_lab_a/Design_Optimization_Source_Code/lab1/matrixmul.cpp:62) [76]  (1.09 ns)

 <State 3>: 1.09ns
The critical path consists of the following:
	'mul' operation of DSP[80] ('mul_ln62_1', ../110061901_lab_a/Design_Optimization_Source_Code/lab1/matrixmul.cpp:62) [76]  (1.09 ns)

 <State 4>: 2.52ns
The critical path consists of the following:
	'mul' operation ('mul_ln62', ../110061901_lab_a/Design_Optimization_Source_Code/lab1/matrixmul.cpp:62) [73]  (1.69 ns)
	'add' operation of DSP[80] ('add_ln62', ../110061901_lab_a/Design_Optimization_Source_Code/lab1/matrixmul.cpp:62) [80]  (0.831 ns)

 <State 5>: 0.831ns
The critical path consists of the following:
	'add' operation of DSP[80] ('add_ln62', ../110061901_lab_a/Design_Optimization_Source_Code/lab1/matrixmul.cpp:62) [80]  (0.831 ns)

 <State 6>: 2.68ns
The critical path consists of the following:
	'add' operation of DSP[81] ('add_ln62_1', ../110061901_lab_a/Design_Optimization_Source_Code/lab1/matrixmul.cpp:62) [81]  (0.831 ns)
	'add' operation ('add_ln62_2', ../110061901_lab_a/Design_Optimization_Source_Code/lab1/matrixmul.cpp:62) [82]  (1.12 ns)
	'store' operation ('store_ln62', ../110061901_lab_a/Design_Optimization_Source_Code/lab1/matrixmul.cpp:62) of variable 'add_ln62_2', ../110061901_lab_a/Design_Optimization_Source_Code/lab1/matrixmul.cpp:62 on array 'res' [83]  (0.73 ns)


============================================================
+ Verbose Summary: Binding
============================================================
N/A
* FSMD analyzer results:
  - Output states:
 - Input state : 
  - Chain level:
	State 1
	State 2
	State 3
	State 4
	State 5
	State 6


============================================================
+ Verbose Summary: Datapath Resource usage 
============================================================
N/A
