

================================================================
== Vitis HLS Report for 'matrixmul'
================================================================
* Date:           Wed Oct 12 21:00:24 2022

* Version:        2022.1 (Build 3526262 on Mon Apr 18 15:48:16 MDT 2022)
* Project:        hls_matrixmul_prj
* Solution:       solution5 (Vivado IP Flow Target)
* Product family: virtexuplus
* Target device:  xcvu9p-flgb2104-1-e


================================================================
== Performance Estimates
================================================================
+ Timing: 
    * Summary: 
    +--------+----------+----------+------------+
    |  Clock |  Target  | Estimated| Uncertainty|
    +--------+----------+----------+------------+
    |ap_clk  |  10.00 ns|  2.816 ns|     2.70 ns|
    +--------+----------+----------+------------+

+ Latency: 
    * Summary: 
    +---------+---------+----------+----------+-----+-----+---------+
    |  Latency (cycles) |  Latency (absolute) |  Interval | Pipeline|
    |   min   |   max   |    min   |    max   | min | max |   Type  |
    +---------+---------+----------+----------+-----+-----+---------+
    |       37|       37|  0.370 us|  0.370 us|   38|   38|       no|
    +---------+---------+----------+----------+-----+-----+---------+

    + Detail: 
        * Instance: 
        +----------------------------------+------------------------+---------+---------+-----------+-----------+-----+-----+---------+
        |                                  |                        |  Latency (cycles) |   Latency (absolute)  |  Interval | Pipeline|
        |             Instance             |         Module         |   min   |   max   |    min    |    max    | min | max |   Type  |
        +----------------------------------+------------------------+---------+---------+-----------+-----------+-----+-----+---------+
        |grp_matrixmul_Pipeline_Col_fu_74  |matrixmul_Pipeline_Col  |        9|        9|  90.000 ns|  90.000 ns|    9|    9|       no|
        +----------------------------------+------------------------+---------+---------+-----------+-----------+-----+-----+---------+

        * Loop: 
        +----------+---------+---------+----------+-----------+-----------+------+----------+
        |          |  Latency (cycles) | Iteration|  Initiation Interval  | Trip |          |
        | Loop Name|   min   |   max   |  Latency |  achieved |   target  | Count| Pipelined|
        +----------+---------+---------+----------+-----------+-----------+------+----------+
        |- Row     |       36|       36|        12|          -|          -|     3|        no|
        +----------+---------+---------+----------+-----------+-----------+------+----------+

============================================================
+ Verbose Summary: Synthesis Manager
============================================================
InlineROM: 1
ExposeGlobal: 0
============================================================
+ Verbose Summary: CDFG Model
============================================================
IsTopModel: 1
ResetActiveHigh: 1
IsCombinational: 0
IsDatapathOnly: 0
HasWiredReturn: 1
HasMFsm: 0
HasVarLatency: 1
IsPipeline: 0
IsRtlPipelined: 0
IsInstanceOverlapped: 0
IsDontTouch: 0
HasImplIP: 0
IsGatedGlobalClock: 0


============================================================
+ Verbose Summary: Schedule
============================================================
* Number of FSM states : 4
* Pipeline : 0
* Dataflow Pipeline: 0

* FSM state transitions: 
1 --> 2 
2 --> 3 
3 --> 4 
4 --> 2 

* FSM state operations: 

State 1 <SV = 0> <Delay = 0.46>
ST_1 : Operation 5 [1/1] (0.00ns)   --->   "%i = alloca i32 1"   --->   Operation 5 'alloca' 'i' <Predicate = true> <Delay = 0.00>
ST_1 : Operation 6 [1/1] (0.00ns)   --->   "%spectopmodule_ln48 = spectopmodule void @_ssdm_op_SpecTopModule, void @empty_1" [../110061901_lab_a/Design_Optimization_Source_Code/lab1/matrixmul.cpp:48]   --->   Operation 6 'spectopmodule' 'spectopmodule_ln48' <Predicate = true> <Delay = 0.00>
ST_1 : Operation 7 [1/1] (0.00ns)   --->   "%specinterface_ln0 = specinterface void @_ssdm_op_SpecInterface, i8 %a_0, void @empty_0, i32 0, i32 0, void @empty, i32 0, i32 0, void @empty, void @empty, void @empty, i32 0, i32 0, i32 0, i32 0, void @empty, void @empty, i32 4294967295, i32 0"   --->   Operation 7 'specinterface' 'specinterface_ln0' <Predicate = true> <Delay = 0.00>
ST_1 : Operation 8 [1/1] (0.00ns)   --->   "%specbitsmap_ln0 = specbitsmap void @_ssdm_op_SpecBitsMap, i8 %a_0"   --->   Operation 8 'specbitsmap' 'specbitsmap_ln0' <Predicate = true> <Delay = 0.00>
ST_1 : Operation 9 [1/1] (0.00ns)   --->   "%specinterface_ln0 = specinterface void @_ssdm_op_SpecInterface, i8 %a_1, void @empty_0, i32 0, i32 0, void @empty, i32 0, i32 0, void @empty, void @empty, void @empty, i32 0, i32 0, i32 0, i32 0, void @empty, void @empty, i32 4294967295, i32 0"   --->   Operation 9 'specinterface' 'specinterface_ln0' <Predicate = true> <Delay = 0.00>
ST_1 : Operation 10 [1/1] (0.00ns)   --->   "%specbitsmap_ln0 = specbitsmap void @_ssdm_op_SpecBitsMap, i8 %a_1"   --->   Operation 10 'specbitsmap' 'specbitsmap_ln0' <Predicate = true> <Delay = 0.00>
ST_1 : Operation 11 [1/1] (0.00ns)   --->   "%specinterface_ln0 = specinterface void @_ssdm_op_SpecInterface, i8 %a_2, void @empty_0, i32 0, i32 0, void @empty, i32 0, i32 0, void @empty, void @empty, void @empty, i32 0, i32 0, i32 0, i32 0, void @empty, void @empty, i32 4294967295, i32 0"   --->   Operation 11 'specinterface' 'specinterface_ln0' <Predicate = true> <Delay = 0.00>
ST_1 : Operation 12 [1/1] (0.00ns)   --->   "%specbitsmap_ln0 = specbitsmap void @_ssdm_op_SpecBitsMap, i8 %a_2"   --->   Operation 12 'specbitsmap' 'specbitsmap_ln0' <Predicate = true> <Delay = 0.00>
ST_1 : Operation 13 [1/1] (0.00ns)   --->   "%specinterface_ln0 = specinterface void @_ssdm_op_SpecInterface, i8 %b_0, void @empty_0, i32 0, i32 0, void @empty, i32 0, i32 0, void @empty, void @empty, void @empty, i32 0, i32 0, i32 0, i32 0, void @empty, void @empty, i32 4294967295, i32 0"   --->   Operation 13 'specinterface' 'specinterface_ln0' <Predicate = true> <Delay = 0.00>
ST_1 : Operation 14 [1/1] (0.00ns)   --->   "%specbitsmap_ln0 = specbitsmap void @_ssdm_op_SpecBitsMap, i8 %b_0"   --->   Operation 14 'specbitsmap' 'specbitsmap_ln0' <Predicate = true> <Delay = 0.00>
ST_1 : Operation 15 [1/1] (0.00ns)   --->   "%specinterface_ln0 = specinterface void @_ssdm_op_SpecInterface, i8 %b_1, void @empty_0, i32 0, i32 0, void @empty, i32 0, i32 0, void @empty, void @empty, void @empty, i32 0, i32 0, i32 0, i32 0, void @empty, void @empty, i32 4294967295, i32 0"   --->   Operation 15 'specinterface' 'specinterface_ln0' <Predicate = true> <Delay = 0.00>
ST_1 : Operation 16 [1/1] (0.00ns)   --->   "%specbitsmap_ln0 = specbitsmap void @_ssdm_op_SpecBitsMap, i8 %b_1"   --->   Operation 16 'specbitsmap' 'specbitsmap_ln0' <Predicate = true> <Delay = 0.00>
ST_1 : Operation 17 [1/1] (0.00ns)   --->   "%specinterface_ln0 = specinterface void @_ssdm_op_SpecInterface, i8 %b_2, void @empty_0, i32 0, i32 0, void @empty, i32 0, i32 0, void @empty, void @empty, void @empty, i32 0, i32 0, i32 0, i32 0, void @empty, void @empty, i32 4294967295, i32 0"   --->   Operation 17 'specinterface' 'specinterface_ln0' <Predicate = true> <Delay = 0.00>
ST_1 : Operation 18 [1/1] (0.00ns)   --->   "%specbitsmap_ln0 = specbitsmap void @_ssdm_op_SpecBitsMap, i8 %b_2"   --->   Operation 18 'specbitsmap' 'specbitsmap_ln0' <Predicate = true> <Delay = 0.00>
ST_1 : Operation 19 [1/1] (0.00ns)   --->   "%specinterface_ln0 = specinterface void @_ssdm_op_SpecInterface, i16 %res, void @empty_0, i32 0, i32 0, void @empty, i32 0, i32 0, void @empty, void @empty, void @empty, i32 0, i32 0, i32 0, i32 0, void @empty, void @empty, i32 4294967295, i32 0"   --->   Operation 19 'specinterface' 'specinterface_ln0' <Predicate = true> <Delay = 0.00>
ST_1 : Operation 20 [1/1] (0.00ns)   --->   "%specbitsmap_ln0 = specbitsmap void @_ssdm_op_SpecBitsMap, i16 %res"   --->   Operation 20 'specbitsmap' 'specbitsmap_ln0' <Predicate = true> <Delay = 0.00>
ST_1 : Operation 21 [1/1] (0.46ns)   --->   "%store_ln54 = store i2 0, i2 %i" [../110061901_lab_a/Design_Optimization_Source_Code/lab1/matrixmul.cpp:54]   --->   Operation 21 'store' 'store_ln54' <Predicate = true> <Delay = 0.46>
ST_1 : Operation 22 [1/1] (0.00ns)   --->   "%br_ln54 = br void %Col" [../110061901_lab_a/Design_Optimization_Source_Code/lab1/matrixmul.cpp:54]   --->   Operation 22 'br' 'br_ln54' <Predicate = true> <Delay = 0.00>

State 2 <SV = 1> <Delay = 2.12>
ST_2 : Operation 23 [1/1] (0.00ns)   --->   "%i_1 = load i2 %i" [../110061901_lab_a/Design_Optimization_Source_Code/lab1/matrixmul.cpp:54]   --->   Operation 23 'load' 'i_1' <Predicate = true> <Delay = 0.00>
ST_2 : Operation 24 [1/1] (0.39ns)   --->   "%icmp_ln54 = icmp_eq  i2 %i_1, i2 3" [../110061901_lab_a/Design_Optimization_Source_Code/lab1/matrixmul.cpp:54]   --->   Operation 24 'icmp' 'icmp_ln54' <Predicate = true> <Delay = 0.39> <CoreInst = "Cmp">   --->   Core 9 'Cmp' <Latency = 0> <II = 1> <Delay = 0.39> <FuncUnit> <Opcode : 'icmp'> <InPorts = 2> <OutPorts = 1>
ST_2 : Operation 25 [1/1] (0.00ns)   --->   "%empty = speclooptripcount i32 @_ssdm_op_SpecLoopTripCount, i64 3, i64 3, i64 3"   --->   Operation 25 'speclooptripcount' 'empty' <Predicate = true> <Delay = 0.00>
ST_2 : Operation 26 [1/1] (0.62ns)   --->   "%add_ln54 = add i2 %i_1, i2 1" [../110061901_lab_a/Design_Optimization_Source_Code/lab1/matrixmul.cpp:54]   --->   Operation 26 'add' 'add_ln54' <Predicate = true> <Delay = 0.62> <CoreInst = "Adder">   --->   Core 1 'Adder' <Latency = 0> <II = 1> <Delay = 0.62> <FuncUnit> <Opcode : 'add' 'sub'> <InPorts = 2> <OutPorts = 1>
ST_2 : Operation 27 [1/1] (0.00ns)   --->   "%br_ln54 = br i1 %icmp_ln54, void %Col.split, void %for.end31" [../110061901_lab_a/Design_Optimization_Source_Code/lab1/matrixmul.cpp:54]   --->   Operation 27 'br' 'br_ln54' <Predicate = true> <Delay = 0.00>
ST_2 : Operation 28 [1/1] (1.72ns)   --->   "%a_0_read = read i8 @_ssdm_op_Read.ap_fifo.volatile.i8P0A, i8 %a_0"   --->   Operation 28 'read' 'a_0_read' <Predicate = (!icmp_ln54)> <Delay = 1.72> <CoreInst = "FIFO">   --->   Core 78 'FIFO' <Latency = 0> <II = 1> <Delay = 1.72> <Storage> <Opcode : 'read' 'write' 'nbread' 'nbwrite'> <Ports = 0> <Width = -1> <Depth = -1> <FIFO>
ST_2 : Operation 29 [1/1] (1.72ns)   --->   "%a_1_read = read i8 @_ssdm_op_Read.ap_fifo.volatile.i8P0A, i8 %a_1"   --->   Operation 29 'read' 'a_1_read' <Predicate = (!icmp_ln54)> <Delay = 1.72> <CoreInst = "FIFO">   --->   Core 78 'FIFO' <Latency = 0> <II = 1> <Delay = 1.72> <Storage> <Opcode : 'read' 'write' 'nbread' 'nbwrite'> <Ports = 0> <Width = -1> <Depth = -1> <FIFO>
ST_2 : Operation 30 [1/1] (1.72ns)   --->   "%a_2_read = read i8 @_ssdm_op_Read.ap_fifo.volatile.i8P0A, i8 %a_2"   --->   Operation 30 'read' 'a_2_read' <Predicate = (!icmp_ln54)> <Delay = 1.72> <CoreInst = "FIFO">   --->   Core 78 'FIFO' <Latency = 0> <II = 1> <Delay = 1.72> <Storage> <Opcode : 'read' 'write' 'nbread' 'nbwrite'> <Ports = 0> <Width = -1> <Depth = -1> <FIFO>
ST_2 : Operation 31 [1/1] (0.46ns)   --->   "%store_ln54 = store i2 %add_ln54, i2 %i" [../110061901_lab_a/Design_Optimization_Source_Code/lab1/matrixmul.cpp:54]   --->   Operation 31 'store' 'store_ln54' <Predicate = (!icmp_ln54)> <Delay = 0.46>
ST_2 : Operation 32 [1/1] (0.00ns)   --->   "%ret_ln65 = ret" [../110061901_lab_a/Design_Optimization_Source_Code/lab1/matrixmul.cpp:65]   --->   Operation 32 'ret' 'ret_ln65' <Predicate = (icmp_ln54)> <Delay = 0.00>

State 3 <SV = 2> <Delay = 0.00>
ST_3 : Operation 33 [1/1] (0.00ns)   --->   "%empty_8 = wait i32 @_ssdm_op_Wait"   --->   Operation 33 'wait' 'empty_8' <Predicate = true> <Delay = 0.00>
ST_3 : Operation 34 [2/2] (0.00ns)   --->   "%call_ln0 = call void @matrixmul_Pipeline_Col, i8 %b_0, i8 %a_0_read, i8 %b_1, i8 %a_1_read, i8 %b_2, i8 %a_2_read, i16 %res"   --->   Operation 34 'call' 'call_ln0' <Predicate = true> <Delay = 0.00> <CoreType = "Generic">   --->   Core 0 '' <Latency = 0> <II = 1> <Delay = 1.00> <Generic> <Opcode : >

State 4 <SV = 3> <Delay = 0.00>
ST_4 : Operation 35 [1/1] (0.00ns)   --->   "%specloopname_ln54 = specloopname void @_ssdm_op_SpecLoopName, void @empty_3" [../110061901_lab_a/Design_Optimization_Source_Code/lab1/matrixmul.cpp:54]   --->   Operation 35 'specloopname' 'specloopname_ln54' <Predicate = true> <Delay = 0.00>
ST_4 : Operation 36 [1/2] (0.00ns)   --->   "%call_ln0 = call void @matrixmul_Pipeline_Col, i8 %b_0, i8 %a_0_read, i8 %b_1, i8 %a_1_read, i8 %b_2, i8 %a_2_read, i16 %res"   --->   Operation 36 'call' 'call_ln0' <Predicate = true> <Delay = 0.00> <CoreType = "Generic">   --->   Core 0 '' <Latency = 0> <II = 1> <Delay = 1.00> <Generic> <Opcode : >
ST_4 : Operation 37 [1/1] (0.00ns)   --->   "%br_ln54 = br void %Col" [../110061901_lab_a/Design_Optimization_Source_Code/lab1/matrixmul.cpp:54]   --->   Operation 37 'br' 'br_ln54' <Predicate = true> <Delay = 0.00>


============================================================
+ Verbose Summary: Binding
============================================================
STG Binding: 
---------------- STG Properties BEGIN ----------------
- Is combinational: 0
- Is one-state seq: 0
- Is datapath-only: 0
- Is pipelined: 0
- Is top level: 1
Port [ Return ] is wired: 1; IO mode=ap_ctrl_hs:ce=0
Port [ a_0]:  wired=1; compound=1; hidden=0; nouse=0; global=0; static=0; extern=0; dir=0; type=3; pingpong=0; private_global=0; IO mode=ap_fifo:ce=0
Port [ a_1]:  wired=1; compound=1; hidden=0; nouse=0; global=0; static=0; extern=0; dir=0; type=3; pingpong=0; private_global=0; IO mode=ap_fifo:ce=0
Port [ a_2]:  wired=1; compound=1; hidden=0; nouse=0; global=0; static=0; extern=0; dir=0; type=3; pingpong=0; private_global=0; IO mode=ap_fifo:ce=0
Port [ b_0]:  wired=1; compound=1; hidden=0; nouse=0; global=0; static=0; extern=0; dir=0; type=3; pingpong=0; private_global=0; IO mode=ap_fifo:ce=0
Port [ b_1]:  wired=1; compound=1; hidden=0; nouse=0; global=0; static=0; extern=0; dir=0; type=3; pingpong=0; private_global=0; IO mode=ap_fifo:ce=0
Port [ b_2]:  wired=1; compound=1; hidden=0; nouse=0; global=0; static=0; extern=0; dir=0; type=3; pingpong=0; private_global=0; IO mode=ap_fifo:ce=0
Port [ res]:  wired=1; compound=1; hidden=0; nouse=0; global=0; static=0; extern=0; dir=1; type=3; pingpong=0; private_global=0; IO mode=ap_fifo:ce=0
---------------- STG Properties END ------------------

---------------- Datapath Model BEGIN ----------------

<LifeTime>
<method=bitvector/>
i                  (alloca           ) [ 01111]
spectopmodule_ln48 (spectopmodule    ) [ 00000]
specinterface_ln0  (specinterface    ) [ 00000]
specbitsmap_ln0    (specbitsmap      ) [ 00000]
specinterface_ln0  (specinterface    ) [ 00000]
specbitsmap_ln0    (specbitsmap      ) [ 00000]
specinterface_ln0  (specinterface    ) [ 00000]
specbitsmap_ln0    (specbitsmap      ) [ 00000]
specinterface_ln0  (specinterface    ) [ 00000]
specbitsmap_ln0    (specbitsmap      ) [ 00000]
specinterface_ln0  (specinterface    ) [ 00000]
specbitsmap_ln0    (specbitsmap      ) [ 00000]
specinterface_ln0  (specinterface    ) [ 00000]
specbitsmap_ln0    (specbitsmap      ) [ 00000]
specinterface_ln0  (specinterface    ) [ 00000]
specbitsmap_ln0    (specbitsmap      ) [ 00000]
store_ln54         (store            ) [ 00000]
br_ln54            (br               ) [ 00000]
i_1                (load             ) [ 00000]
icmp_ln54          (icmp             ) [ 00111]
empty              (speclooptripcount) [ 00000]
add_ln54           (add              ) [ 00000]
br_ln54            (br               ) [ 00000]
a_0_read           (read             ) [ 00011]
a_1_read           (read             ) [ 00011]
a_2_read           (read             ) [ 00011]
store_ln54         (store            ) [ 00000]
ret_ln65           (ret              ) [ 00000]
empty_8            (wait             ) [ 00000]
specloopname_ln54  (specloopname     ) [ 00000]
call_ln0           (call             ) [ 00000]
br_ln54            (br               ) [ 00000]
</LifeTime>

<model>

<comp_list>
<comp id="0" class="1000" name="a_0">
<pin_list>
<pin id="1" dir="1" index="0" bw="1" slack="0"/>
</pin_list>
<bind>
<StgValue><ssdm name="a_0"/></StgValue>
</bind>
</comp>

<comp id="2" class="1000" name="a_1">
<pin_list>
<pin id="3" dir="1" index="0" bw="1" slack="0"/>
</pin_list>
<bind>
<StgValue><ssdm name="a_1"/></StgValue>
</bind>
</comp>

<comp id="4" class="1000" name="a_2">
<pin_list>
<pin id="5" dir="1" index="0" bw="1" slack="0"/>
</pin_list>
<bind>
<StgValue><ssdm name="a_2"/></StgValue>
</bind>
</comp>

<comp id="6" class="1000" name="b_0">
<pin_list>
<pin id="7" dir="1" index="0" bw="1" slack="0"/>
</pin_list>
<bind>
<StgValue><ssdm name="b_0"/></StgValue>
</bind>
</comp>

<comp id="8" class="1000" name="b_1">
<pin_list>
<pin id="9" dir="1" index="0" bw="1" slack="0"/>
</pin_list>
<bind>
<StgValue><ssdm name="b_1"/></StgValue>
</bind>
</comp>

<comp id="10" class="1000" name="b_2">
<pin_list>
<pin id="11" dir="1" index="0" bw="1" slack="0"/>
</pin_list>
<bind>
<StgValue><ssdm name="b_2"/></StgValue>
</bind>
</comp>

<comp id="12" class="1000" name="res">
<pin_list>
<pin id="13" dir="1" index="0" bw="1" slack="0"/>
</pin_list>
<bind>
<StgValue><ssdm name="res"/></StgValue>
</bind>
</comp>

<comp id="14" class="1001" name="const_14">
<pin_list>
<pin id="15" dir="1" index="0" bw="1" slack="0"/>
</pin_list>
<bind>
<StgValue><ssdm name=""/></StgValue>
</bind>
</comp>

<comp id="16" class="1001" name="const_16">
<pin_list>
<pin id="17" dir="1" index="0" bw="1" slack="2147483647"/>
</pin_list>
<bind>
<StgValue><ssdm name="_ssdm_op_SpecTopModule"/></StgValue>
</bind>
</comp>

<comp id="18" class="1001" name="const_18">
<pin_list>
<pin id="19" dir="1" index="0" bw="1" slack="2147483647"/>
</pin_list>
<bind>
<StgValue><ssdm name="empty_1"/></StgValue>
</bind>
</comp>

<comp id="20" class="1001" name="const_20">
<pin_list>
<pin id="21" dir="1" index="0" bw="1" slack="2147483647"/>
</pin_list>
<bind>
<StgValue><ssdm name="_ssdm_op_SpecInterface"/></StgValue>
</bind>
</comp>

<comp id="22" class="1001" name="const_22">
<pin_list>
<pin id="23" dir="1" index="0" bw="1" slack="2147483647"/>
</pin_list>
<bind>
<StgValue><ssdm name="empty_0"/></StgValue>
</bind>
</comp>

<comp id="24" class="1001" name="const_24">
<pin_list>
<pin id="25" dir="1" index="0" bw="1" slack="2147483647"/>
</pin_list>
<bind>
<StgValue><ssdm name=""/></StgValue>
</bind>
</comp>

<comp id="26" class="1001" name="const_26">
<pin_list>
<pin id="27" dir="1" index="0" bw="1" slack="2147483647"/>
</pin_list>
<bind>
<StgValue><ssdm name="empty"/></StgValue>
</bind>
</comp>

<comp id="28" class="1001" name="const_28">
<pin_list>
<pin id="29" dir="1" index="0" bw="1" slack="2147483647"/>
</pin_list>
<bind>
<StgValue><ssdm name=""/></StgValue>
</bind>
</comp>

<comp id="30" class="1001" name="const_30">
<pin_list>
<pin id="31" dir="1" index="0" bw="1" slack="2147483647"/>
</pin_list>
<bind>
<StgValue><ssdm name="_ssdm_op_SpecBitsMap"/></StgValue>
</bind>
</comp>

<comp id="32" class="1001" name="const_32">
<pin_list>
<pin id="33" dir="1" index="0" bw="1" slack="0"/>
</pin_list>
<bind>
<StgValue><ssdm name=""/></StgValue>
</bind>
</comp>

<comp id="34" class="1001" name="const_34">
<pin_list>
<pin id="35" dir="1" index="0" bw="1" slack="0"/>
</pin_list>
<bind>
<StgValue><ssdm name=""/></StgValue>
</bind>
</comp>

<comp id="36" class="1001" name="const_36">
<pin_list>
<pin id="37" dir="1" index="0" bw="1" slack="2147483647"/>
</pin_list>
<bind>
<StgValue><ssdm name="_ssdm_op_SpecLoopTripCount"/></StgValue>
</bind>
</comp>

<comp id="38" class="1001" name="const_38">
<pin_list>
<pin id="39" dir="1" index="0" bw="1" slack="2147483647"/>
</pin_list>
<bind>
<StgValue><ssdm name=""/></StgValue>
</bind>
</comp>

<comp id="40" class="1001" name="const_40">
<pin_list>
<pin id="41" dir="1" index="0" bw="1" slack="0"/>
</pin_list>
<bind>
<StgValue><ssdm name=""/></StgValue>
</bind>
</comp>

<comp id="42" class="1001" name="const_42">
<pin_list>
<pin id="43" dir="1" index="0" bw="1" slack="0"/>
</pin_list>
<bind>
<StgValue><ssdm name="_ssdm_op_Read.ap_fifo.volatile.i8P0A"/></StgValue>
</bind>
</comp>

<comp id="44" class="1001" name="const_44">
<pin_list>
<pin id="45" dir="1" index="0" bw="1" slack="2147483647"/>
</pin_list>
<bind>
<StgValue><ssdm name="_ssdm_op_Wait"/></StgValue>
</bind>
</comp>

<comp id="46" class="1001" name="const_46">
<pin_list>
<pin id="47" dir="1" index="0" bw="1" slack="0"/>
</pin_list>
<bind>
<StgValue><ssdm name="matrixmul_Pipeline_Col"/></StgValue>
</bind>
</comp>

<comp id="48" class="1001" name="const_48">
<pin_list>
<pin id="49" dir="1" index="0" bw="1" slack="2147483647"/>
</pin_list>
<bind>
<StgValue><ssdm name="_ssdm_op_SpecLoopName"/></StgValue>
</bind>
</comp>

<comp id="50" class="1001" name="const_50">
<pin_list>
<pin id="51" dir="1" index="0" bw="1" slack="2147483647"/>
</pin_list>
<bind>
<StgValue><ssdm name="empty_3"/></StgValue>
</bind>
</comp>

<comp id="52" class="1004" name="i_fu_52">
<pin_list>
<pin id="53" dir="0" index="0" bw="1" slack="0"/>
<pin id="54" dir="1" index="1" bw="2" slack="0"/>
</pin_list>
<bind>
<opcode="alloca(26) " fcode="alloca"/>
<opset="i/1 "/>
</bind>
</comp>

<comp id="56" class="1004" name="a_0_read_read_fu_56">
<pin_list>
<pin id="57" dir="0" index="0" bw="8" slack="0"/>
<pin id="58" dir="0" index="1" bw="8" slack="0"/>
<pin id="59" dir="1" index="2" bw="8" slack="1"/>
</pin_list>
<bind>
<opcode="read(1150) " fcode="read"/>
<opset="a_0_read/2 "/>
</bind>
</comp>

<comp id="62" class="1004" name="a_1_read_read_fu_62">
<pin_list>
<pin id="63" dir="0" index="0" bw="8" slack="0"/>
<pin id="64" dir="0" index="1" bw="8" slack="0"/>
<pin id="65" dir="1" index="2" bw="8" slack="1"/>
</pin_list>
<bind>
<opcode="read(1150) " fcode="read"/>
<opset="a_1_read/2 "/>
</bind>
</comp>

<comp id="68" class="1004" name="a_2_read_read_fu_68">
<pin_list>
<pin id="69" dir="0" index="0" bw="8" slack="0"/>
<pin id="70" dir="0" index="1" bw="8" slack="0"/>
<pin id="71" dir="1" index="2" bw="8" slack="1"/>
</pin_list>
<bind>
<opcode="read(1150) " fcode="read"/>
<opset="a_2_read/2 "/>
</bind>
</comp>

<comp id="74" class="1004" name="grp_matrixmul_Pipeline_Col_fu_74">
<pin_list>
<pin id="75" dir="0" index="0" bw="0" slack="0"/>
<pin id="76" dir="0" index="1" bw="8" slack="0"/>
<pin id="77" dir="0" index="2" bw="8" slack="1"/>
<pin id="78" dir="0" index="3" bw="8" slack="0"/>
<pin id="79" dir="0" index="4" bw="8" slack="1"/>
<pin id="80" dir="0" index="5" bw="8" slack="0"/>
<pin id="81" dir="0" index="6" bw="8" slack="1"/>
<pin id="82" dir="0" index="7" bw="16" slack="0"/>
<pin id="83" dir="1" index="8" bw="0" slack="2147483647"/>
</pin_list>
<bind>
<opcode="call(48) " fcode="call"/>
<opset="call_ln0/3 "/>
</bind>
</comp>

<comp id="89" class="1004" name="store_ln54_store_fu_89">
<pin_list>
<pin id="90" dir="0" index="0" bw="1" slack="0"/>
<pin id="91" dir="0" index="1" bw="2" slack="0"/>
<pin id="92" dir="1" index="2" bw="0" slack="2147483647"/>
</pin_list>
<bind>
<opcode="store(28) " fcode="store"/>
<opset="store_ln54/1 "/>
</bind>
</comp>

<comp id="94" class="1004" name="i_1_load_fu_94">
<pin_list>
<pin id="95" dir="0" index="0" bw="2" slack="1"/>
<pin id="96" dir="1" index="1" bw="2" slack="0"/>
</pin_list>
<bind>
<opcode="load(27) " fcode="load"/>
<opset="i_1/2 "/>
</bind>
</comp>

<comp id="97" class="1004" name="icmp_ln54_fu_97">
<pin_list>
<pin id="98" dir="0" index="0" bw="2" slack="0"/>
<pin id="99" dir="0" index="1" bw="1" slack="0"/>
<pin id="100" dir="1" index="2" bw="1" slack="2147483647"/>
</pin_list>
<bind>
<opcode="icmp(45) " fcode="icmp"/>
<opset="icmp_ln54/2 "/>
</bind>
</comp>

<comp id="103" class="1004" name="add_ln54_fu_103">
<pin_list>
<pin id="104" dir="0" index="0" bw="2" slack="0"/>
<pin id="105" dir="0" index="1" bw="1" slack="0"/>
<pin id="106" dir="1" index="2" bw="2" slack="0"/>
</pin_list>
<bind>
<opcode="add(8) " fcode="add"/>
<opset="add_ln54/2 "/>
</bind>
</comp>

<comp id="109" class="1004" name="store_ln54_store_fu_109">
<pin_list>
<pin id="110" dir="0" index="0" bw="2" slack="0"/>
<pin id="111" dir="0" index="1" bw="2" slack="1"/>
<pin id="112" dir="1" index="2" bw="0" slack="2147483647"/>
</pin_list>
<bind>
<opcode="store(28) " fcode="store"/>
<opset="store_ln54/2 "/>
</bind>
</comp>

<comp id="114" class="1005" name="i_reg_114">
<pin_list>
<pin id="115" dir="0" index="0" bw="2" slack="0"/>
<pin id="116" dir="1" index="1" bw="2" slack="0"/>
</pin_list>
<bind>
<opset="i "/>
</bind>
</comp>

<comp id="124" class="1005" name="a_0_read_reg_124">
<pin_list>
<pin id="125" dir="0" index="0" bw="8" slack="1"/>
<pin id="126" dir="1" index="1" bw="8" slack="1"/>
</pin_list>
<bind>
<opset="a_0_read "/>
</bind>
</comp>

<comp id="129" class="1005" name="a_1_read_reg_129">
<pin_list>
<pin id="130" dir="0" index="0" bw="8" slack="1"/>
<pin id="131" dir="1" index="1" bw="8" slack="1"/>
</pin_list>
<bind>
<opset="a_1_read "/>
</bind>
</comp>

<comp id="134" class="1005" name="a_2_read_reg_134">
<pin_list>
<pin id="135" dir="0" index="0" bw="8" slack="1"/>
<pin id="136" dir="1" index="1" bw="8" slack="1"/>
</pin_list>
<bind>
<opset="a_2_read "/>
</bind>
</comp>

</comp_list>

<net_list>
<net id="55"><net_src comp="14" pin="0"/><net_sink comp="52" pin=0"/></net>

<net id="60"><net_src comp="42" pin="0"/><net_sink comp="56" pin=0"/></net>

<net id="61"><net_src comp="0" pin="0"/><net_sink comp="56" pin=1"/></net>

<net id="66"><net_src comp="42" pin="0"/><net_sink comp="62" pin=0"/></net>

<net id="67"><net_src comp="2" pin="0"/><net_sink comp="62" pin=1"/></net>

<net id="72"><net_src comp="42" pin="0"/><net_sink comp="68" pin=0"/></net>

<net id="73"><net_src comp="4" pin="0"/><net_sink comp="68" pin=1"/></net>

<net id="84"><net_src comp="46" pin="0"/><net_sink comp="74" pin=0"/></net>

<net id="85"><net_src comp="6" pin="0"/><net_sink comp="74" pin=1"/></net>

<net id="86"><net_src comp="8" pin="0"/><net_sink comp="74" pin=3"/></net>

<net id="87"><net_src comp="10" pin="0"/><net_sink comp="74" pin=5"/></net>

<net id="88"><net_src comp="12" pin="0"/><net_sink comp="74" pin=7"/></net>

<net id="93"><net_src comp="32" pin="0"/><net_sink comp="89" pin=0"/></net>

<net id="101"><net_src comp="94" pin="1"/><net_sink comp="97" pin=0"/></net>

<net id="102"><net_src comp="34" pin="0"/><net_sink comp="97" pin=1"/></net>

<net id="107"><net_src comp="94" pin="1"/><net_sink comp="103" pin=0"/></net>

<net id="108"><net_src comp="40" pin="0"/><net_sink comp="103" pin=1"/></net>

<net id="113"><net_src comp="103" pin="2"/><net_sink comp="109" pin=0"/></net>

<net id="117"><net_src comp="52" pin="1"/><net_sink comp="114" pin=0"/></net>

<net id="118"><net_src comp="114" pin="1"/><net_sink comp="89" pin=1"/></net>

<net id="119"><net_src comp="114" pin="1"/><net_sink comp="94" pin=0"/></net>

<net id="120"><net_src comp="114" pin="1"/><net_sink comp="109" pin=1"/></net>

<net id="127"><net_src comp="56" pin="2"/><net_sink comp="124" pin=0"/></net>

<net id="128"><net_src comp="124" pin="1"/><net_sink comp="74" pin=2"/></net>

<net id="132"><net_src comp="62" pin="2"/><net_sink comp="129" pin=0"/></net>

<net id="133"><net_src comp="129" pin="1"/><net_sink comp="74" pin=4"/></net>

<net id="137"><net_src comp="68" pin="2"/><net_sink comp="134" pin=0"/></net>

<net id="138"><net_src comp="134" pin="1"/><net_sink comp="74" pin=6"/></net>

</net_list>

</model> 
---------------- Datapath Model END ------------------

* FSMD analyzer results:
  - Output states:
	Port: res | {3 4 }
 - Input state : 
	Port: matrixmul : a_0 | {2 }
	Port: matrixmul : a_1 | {2 }
	Port: matrixmul : a_2 | {2 }
	Port: matrixmul : b_0 | {3 4 }
	Port: matrixmul : b_1 | {3 4 }
	Port: matrixmul : b_2 | {3 4 }
  - Chain level:
	State 1
		store_ln54 : 1
	State 2
		icmp_ln54 : 1
		add_ln54 : 1
		br_ln54 : 2
		store_ln54 : 2
	State 3
	State 4


============================================================
+ Verbose Summary: Datapath Resource usage 
============================================================

* Functional unit list:
|----------|----------------------------------|---------|---------|---------|---------|
| Operation|          Functional Unit         |   DSP   |  Delay  |    FF   |   LUT   |
|----------|----------------------------------|---------|---------|---------|---------|
|   call   | grp_matrixmul_Pipeline_Col_fu_74 |    2    | 1.00429 |   131   |    85   |
|----------|----------------------------------|---------|---------|---------|---------|
|    add   |          add_ln54_fu_103         |    0    |    0    |    0    |    9    |
|----------|----------------------------------|---------|---------|---------|---------|
|   icmp   |          icmp_ln54_fu_97         |    0    |    0    |    0    |    8    |
|----------|----------------------------------|---------|---------|---------|---------|
|          |        a_0_read_read_fu_56       |    0    |    0    |    0    |    0    |
|   read   |        a_1_read_read_fu_62       |    0    |    0    |    0    |    0    |
|          |        a_2_read_read_fu_68       |    0    |    0    |    0    |    0    |
|----------|----------------------------------|---------|---------|---------|---------|
|   Total  |                                  |    2    | 1.00429 |   131   |   102   |
|----------|----------------------------------|---------|---------|---------|---------|

Memories:
N/A

* Register list:
+----------------+--------+
|                |   FF   |
+----------------+--------+
|a_0_read_reg_124|    8   |
|a_1_read_reg_129|    8   |
|a_2_read_reg_134|    8   |
|    i_reg_114   |    2   |
+----------------+--------+
|      Total     |   26   |
+----------------+--------+

* Multiplexer (MUX) list: 
|--------|------|------|------|--------|
|  Comp  |  Pin | Size |  BW  | S x BW |
|--------|------|------|------|--------|
|  Total |      |      |      |    0   |
|--------|------|------|------|--------|



* Summary:
+-----------+--------+--------+--------+--------+
|           |   DSP  |  Delay |   FF   |   LUT  |
+-----------+--------+--------+--------+--------+
|  Function |    2   |    1   |   131  |   102  |
|   Memory  |    -   |    -   |    -   |    -   |
|Multiplexer|    -   |    -   |    -   |    -   |
|  Register |    -   |    -   |   26   |    -   |
+-----------+--------+--------+--------+--------+
|   Total   |    2   |    1   |   157  |   102  |
+-----------+--------+--------+--------+--------+
